20:06:06 INFO  : Registering command handlers for SDK TCF services
20:06:08 INFO  : Launching XSCT server: xsct.bat -interactive C:\Users\Asus\Desktop\NVDLA_SMALL\NVDLA_3.sdk\temp_xsdb_launch_script.tcl
20:06:14 INFO  : XSCT server has started successfully.
20:06:15 INFO  : Successfully done setting XSCT server connection channel  
20:06:15 INFO  : Successfully done setting SDK workspace  
20:06:15 INFO  : Processing command line option -hwspec C:/Users/Asus/Desktop/NVDLA_SMALL/NVDLA_3.sdk/design_1_wrapper.hdf.
20:13:41 INFO  : 'targets -set -filter {jtag_cable_name =~ "Digilent JTAG-SMT2 210251844037" && level==0} -index 1' command is executed.
20:13:41 INFO  : 'fpga -state' command is executed.
20:13:42 INFO  : Connected to target on host '127.0.0.1' and port '3121'.
20:13:42 INFO  : Jtag cable 'Digilent JTAG-SMT2 210251844037' is selected.
20:13:42 INFO  : 'jtag frequency' command is executed.
20:13:42 INFO  : Sourcing of 'C:/Users/Asus/Desktop/NVDLA_SMALL/NVDLA_3.sdk/design_1_wrapper_hw_platform_0/ps7_init.tcl' is done.
20:13:42 INFO  : Context for 'APU' is selected.
20:13:42 INFO  : Hardware design information is loaded from 'C:/Users/Asus/Desktop/NVDLA_SMALL/NVDLA_3.sdk/design_1_wrapper_hw_platform_0/system.hdf'.
20:13:42 INFO  : 'configparams force-mem-access 1' command is executed.
20:13:42 INFO  : Context for 'APU' is selected.
20:13:43 INFO  : 'stop' command is executed.
20:13:43 INFO  : 'ps7_init' command is executed.
20:13:43 INFO  : 'ps7_post_config' command is executed.
20:13:43 INFO  : Context for processor 'ps7_cortexa9_0' is selected.
20:13:43 INFO  : Processor reset is completed for 'ps7_cortexa9_0'.
20:13:43 INFO  : Context for processor 'ps7_cortexa9_0' is selected.
20:13:43 INFO  : The application 'C:/Users/Asus/Desktop/NVDLA_SMALL/NVDLA_3.sdk/nvdla_test/Debug/nvdla_test.elf' is downloaded to processor 'ps7_cortexa9_0'.
20:13:43 INFO  : 'configparams force-mem-access 0' command is executed.
20:13:43 INFO  : ----------------XSDB Script----------------
connect -url tcp:127.0.0.1:3121
source C:/Users/Asus/Desktop/NVDLA_SMALL/NVDLA_3.sdk/design_1_wrapper_hw_platform_0/ps7_init.tcl
targets -set -nocase -filter {name =~"APU*" && jtag_cable_name =~ "Digilent JTAG-SMT2 210251844037"} -index 0
loadhw -hw C:/Users/Asus/Desktop/NVDLA_SMALL/NVDLA_3.sdk/design_1_wrapper_hw_platform_0/system.hdf -mem-ranges [list {0x40000000 0xbfffffff}]
configparams force-mem-access 1
targets -set -nocase -filter {name =~"APU*" && jtag_cable_name =~ "Digilent JTAG-SMT2 210251844037"} -index 0
stop
ps7_init
ps7_post_config
targets -set -nocase -filter {name =~ "ARM*#0" && jtag_cable_name =~ "Digilent JTAG-SMT2 210251844037"} -index 0
rst -processor
targets -set -nocase -filter {name =~ "ARM*#0" && jtag_cable_name =~ "Digilent JTAG-SMT2 210251844037"} -index 0
dow C:/Users/Asus/Desktop/NVDLA_SMALL/NVDLA_3.sdk/nvdla_test/Debug/nvdla_test.elf
configparams force-mem-access 0
----------------End of Script----------------

20:13:43 INFO  : Memory regions updated for context APU
20:13:43 INFO  : Context for processor 'ps7_cortexa9_0' is selected.
20:13:44 INFO  : 'con' command is executed.
20:13:44 INFO  : ----------------XSDB Script (After Launch)----------------
targets -set -nocase -filter {name =~ "ARM*#0" && jtag_cable_name =~ "Digilent JTAG-SMT2 210251844037"} -index 0
con
----------------End of Script----------------

20:13:44 INFO  : Launch script is exported to file 'C:\Users\Asus\Desktop\NVDLA_SMALL\NVDLA_3.sdk\.sdk\launch_scripts\xilinx_c-c++_application_(system_debugger)\system_debugger_using_debug_nvdla_test.elf_on_local.tcl'
20:13:50 INFO  : Connected to target on host '127.0.0.1' and port '3121'.
20:13:50 INFO  : 'targets -set -filter {jtag_cable_name =~ "Digilent JTAG-SMT2 210251844037" && level==0} -index 1' command is executed.
20:13:58 INFO  : FPGA configured successfully with bitstream "C:/Users/Asus/Desktop/NVDLA_SMALL/NVDLA_3.sdk/design_1_wrapper_hw_platform_0/design_1_wrapper.bit"
20:14:26 INFO  : Restoring File Contents to Memory...
20:14:30 INFO  : Restored Contents to Memory Successfully from File D:\学习资料\大四上\毕设\ZYNQ-NVDLA-master\sdk_sanity\dlacopy\Image_q_dog_HW.bin
20:14:59 INFO  : Restoring File Contents to Memory...
20:15:03 INFO  : Restored Contents to Memory Successfully from File D:\学习资料\大四上\毕设\ZYNQ-NVDLA-master\sdk_sanity\dlacopy\Image_q_dog_HW.bin
20:18:52 INFO  : Disconnected from the channel tcfchan#1.
10:30:55 INFO  : Registering command handlers for SDK TCF services
10:30:58 INFO  : Launching XSCT server: xsct.bat -interactive C:\Users\Asus\Desktop\NVDLA_SMALL\NVDLA_3.sdk\temp_xsdb_launch_script.tcl
10:31:03 INFO  : XSCT server has started successfully.
10:31:03 INFO  : Successfully done setting XSCT server connection channel  
10:31:06 INFO  : Successfully done setting SDK workspace  
10:31:06 INFO  : Processing command line option -hwspec C:/Users/Asus/Desktop/NVDLA_SMALL/NVDLA_3.sdk/design_1_wrapper.hdf.
10:31:06 INFO  : Checking for hwspec changes in the project design_1_wrapper_hw_platform_0.
16:54:31 INFO  : Registering command handlers for SDK TCF services
16:54:33 INFO  : Launching XSCT server: xsct.bat -interactive C:\Users\Asus\Desktop\NVDLA_SMALL\NVDLA_3.sdk\temp_xsdb_launch_script.tcl
16:54:42 INFO  : XSCT server has started successfully.
16:54:43 INFO  : Successfully done setting XSCT server connection channel  
16:54:43 INFO  : Successfully done setting SDK workspace  
16:54:43 INFO  : Processing command line option -hwspec C:/Users/Asus/Desktop/NVDLA_SMALL/NVDLA_3.sdk/design_1_wrapper.hdf.
16:54:43 INFO  : Checking for hwspec changes in the project design_1_wrapper_hw_platform_0.
