#
# A fatal error has been detected by the Java Runtime Environment:
#
#  EXCEPTION_ACCESS_VIOLATION (0xc0000005) at pc=0x00007ffefcbe809f, pid=24148, tid=21644
#
# JRE version: Java(TM) SE Runtime Environment (9.0+11) (build 9.0.4+11)
# Java VM: Java HotSpot(TM) 64-Bit Server VM (9.0.4+11, mixed mode, tiered, compressed oops, g1 gc, windows-amd64)
# Problematic frame:
# C  [librdi_device.dll+0x5c809f]
#
# No core dump will be written. Minidumps are not enabled by default on client versions of Windows
#
# If you would like to submit a bug report, please visit:
#   http://bugreport.java.com/bugreport/crash.jsp
# The crash happened outside the Java Virtual Machine in native code.
# See problematic frame for where to report the bug.
#

---------------  S U M M A R Y ------------

Command Line: -Dsun.java2d.pmoffscreen=false -Dsun.java2d.xrender=false -Dsun.java2d.d3d=false -Dsun.awt.nopixfmt=true -Dsun.java2d.dpiaware=true -Dsun.java2d.uiScale.enabled=false -Xverify:none -Dswing.aatext=true -XX:-UsePerfData -Djdk.map.althashing.threshold=512 -XX:StringTableSize=4072 --add-opens=java.base/java.nio=ALL-UNNAMED --add-opens=java.desktop/sun.swing=ALL-UNNAMED --add-opens=java.desktop/javax.swing=ALL-UNNAMED --add-opens=java.desktop/javax.swing.tree=ALL-UNNAMED --add-opens=java.desktop/javax.swing.plaf.basic=ALL-UNNAMED --add-opens=java.desktop/javax.swing.plaf.synth=ALL-UNNAMED --add-opens=java.desktop/com.sun.awt=ALL-UNNAMED -XX:NewSize=60m -XX:MaxNewSize=60m -Xms128m -Xmx3072m -Xss5m 

Host: Intel(R) Xeon(R) CPU E5-1650 v3 @ 3.50GHz, 12 cores, 15G,  Windows 10 , 64 bit Build 19041 (10.0.19041.1889)
Time: Fri Oct 21 18:18:19 2022  elapsed time: 169221 seconds (1d 23h 0m 21s)

---------------  T H R E A D  ---------------

Current thread (0x0000027a7250a800):  JavaThread "AWT-EventQueue-0" [_thread_in_native, id=21644, stack(0x000000fa69a00000,0x000000fa69f00000)]

Stack: [0x000000fa69a00000,0x000000fa69f00000],  sp=0x000000fa69efb470,  free space=5101k
Native frames: (J=compiled Java code, j=interpreted, Vv=VM code, C=native code)

Java frames: (J=compiled Java code, j=interpreted, Vv=VM code)
j  ui.frmwork.tcltasksi.abortNow()V+0
j  ui.bm.b(Ljava/awt/Component;)Z+69
j  ui.cd.windowClosing(Ljava/awt/event/WindowEvent;)V+79
j  java.awt.AWTEventMulticaster.windowClosing(Ljava/awt/event/WindowEvent;)V+21 java.desktop@9.0.4
j  java.awt.AWTEventMulticaster.windowClosing(Ljava/awt/event/WindowEvent;)V+8 java.desktop@9.0.4
j  java.awt.AWTEventMulticaster.windowClosing(Ljava/awt/event/WindowEvent;)V+8 java.desktop@9.0.4
j  java.awt.AWTEventMulticaster.windowClosing(Ljava/awt/event/WindowEvent;)V+8 java.desktop@9.0.4
J 24099 c1 java.awt.Window.processWindowEvent(Ljava/awt/event/WindowEvent;)V java.desktop@9.0.4 (127 bytes) @ 0x0000027a5af867f4 [0x0000027a5af861e0+0x0000000000000614]
J 26578 c1 javax.swing.JFrame.processWindowEvent(Ljava/awt/event/WindowEvent;)V java.desktop@9.0.4 (71 bytes) @ 0x0000027a599ab764 [0x0000027a599ab6e0+0x0000000000000084]
J 22711 c1 java.awt.Window.processEvent(Ljava/awt/AWTEvent;)V java.desktop@9.0.4 (101 bytes) @ 0x0000027a59b4e0d4 [0x0000027a59b4d9e0+0x00000000000006f4]
J 25192 c2 java.awt.Component.dispatchEventImpl(Ljava/awt/AWTEvent;)V java.desktop@9.0.4 (739 bytes) @ 0x0000027a614d6228 [0x0000027a614d5980+0x00000000000008a8]
J 23044 c2 java.awt.Container.dispatchEventImpl(Ljava/awt/AWTEvent;)V java.desktop@9.0.4 (129 bytes) @ 0x0000027a621adfb8 [0x0000027a621adf60+0x0000000000000058]
J 19891 c2 java.awt.Window.dispatchEventImpl(Ljava/awt/AWTEvent;)V java.desktop@9.0.4 (23 bytes) @ 0x0000027a61e7fc8c [0x0000027a61e7fc40+0x000000000000004c]
J 13225 c2 java.awt.EventQueue$3.run()Ljava/lang/Object; java.desktop@9.0.4 (5 bytes) @ 0x0000027a6164b954 [0x0000027a6164b7a0+0x00000000000001b4]
v  ~StubRoutines::call_stub
J 4152  java.security.AccessController.doPrivileged(Ljava/security/PrivilegedAction;Ljava/security/AccessControlContext;)Ljava/lang/Object; java.base@9.0.4 (0 bytes) @ 0x0000027a60ddabc6 [0x0000027a60ddab60+0x0000000000000066]
J 19218 c2 java.awt.EventQueue$4.run()Ljava/lang/Object; java.desktop@9.0.4 (5 bytes) @ 0x0000027a6137e958 [0x0000027a6137e8e0+0x0000000000000078]
v  ~StubRoutines::call_stub
J 4152  java.security.AccessController.doPrivileged(Ljava/security/PrivilegedAction;Ljava/security/AccessControlContext;)Ljava/lang/Object; java.base@9.0.4 (0 bytes) @ 0x0000027a60ddabc6 [0x0000027a60ddab60+0x0000000000000066]
J 13198 c2 java.awt.EventQueue.dispatchEvent(Ljava/awt/AWTEvent;)V java.desktop@9.0.4 (80 bytes) @ 0x0000027a6162b044 [0x0000027a6162aac0+0x0000000000000584]
J 13199 c2 ui.frmwork.b.d.dispatchEvent(Ljava/awt/AWTEvent;)V (34 bytes) @ 0x0000027a6162bd5c [0x0000027a6162bc60+0x00000000000000fc]
J 19551 c2 java.awt.EventDispatchThread.pumpOneEventForFilters(I)V java.desktop@9.0.4 (218 bytes) @ 0x0000027a61debe48 [0x0000027a61debaa0+0x00000000000003a8]
J 22827% c2 java.awt.EventDispatchThread.pumpEventsForFilter(ILjava/awt/Conditional;Ljava/awt/EventFilter;)V java.desktop@9.0.4 (47 bytes) @ 0x0000027a61c45da8 [0x0000027a61c45960+0x0000000000000448]
j  java.awt.EventDispatchThread.pumpEventsForHierarchy(ILjava/awt/Conditional;Ljava/awt/Component;)V+11 java.desktop@9.0.4
j  java.awt.EventDispatchThread.pumpEvents(ILjava/awt/Conditional;)V+4 java.desktop@9.0.4
j  java.awt.EventDispatchThread.pumpEvents(Ljava/awt/Conditional;)V+3 java.desktop@9.0.4
j  java.awt.EventDispatchThread.run()V+9 java.desktop@9.0.4
v  ~StubRoutines::call_stub

siginfo: EXCEPTION_ACCESS_VIOLATION (0xc0000005), reading address 0x0000000000000020


Register to memory mapping:

RIP=0x00007ffefcbe809f librdi_device.dll
RAX=0x00007fff0e07d9b0 librdi_device.dll
RBX=0x0000027a4bc8b610 is an unknown value
RCX=0x0000000000000002 is an unknown value
RDX=0x00007fff0e07d9b0 librdi_device.dll
RSP=0x000000fa69efb470 is pointing into the stack for thread: 0x0000027a7250a800
RBP=0x0000000000000000 is an unknown value
RSI=0x0000027a4bd630e0 is an unknown value
RDI=0x0000000000000004 is an unknown value
R8 =0x0000000000000000 is an unknown value
R9 =0x0000000000000018 is an unknown value
R10=0x0000000000008000 is an unknown value
R11=0x000000fa69efb6c0 is pointing into the stack for thread: 0x0000027a7250a800
R12=0x00007fff06b6bc00 librdi_device.dll
R13={method} {0x0000027a7273ba40} 'abortNow' '()V' in 'ui/frmwork/tcltasksi'
R14=0x000000fa69efb828 is pointing into the stack for thread: 0x0000027a7250a800
R15=0x0000027a76c37f60 is an unknown value


Registers:
RAX=0x00007fff0e07d9b0, RBX=0x0000027a4bc8b610, RCX=0x0000000000000002, RDX=0x00007fff0e07d9b0
RSP=0x000000fa69efb470, RBP=0x0000000000000000, RSI=0x0000027a4bd630e0, RDI=0x0000000000000004
R8 =0x0000000000000000, R9 =0x0000000000000018, R10=0x0000000000008000, R11=0x000000fa69efb6c0
R12=0x00007fff06b6bc00, R13=0x0000027a7273ba38, R14=0x000000fa69efb828, R15=0x0000027a76c37f60
RIP=0x00007ffefcbe809f, EFLAGS=0x0000000000010202

Top of Stack: (sp=0x000000fa69efb470)
0x000000fa69efb470:   0000027a4bdc67d0 0000027a4bdbd010
0x000000fa69efb480:   0000027a4b965300 00007fffb2ed5ba1
0x000000fa69efb490:   fffffffffffffffe 00007fffb2ed5b00
0x000000fa69efb4a0:   000000fa69efb828 0000027a4bc8b610
0x000000fa69efb4b0:   0000027a4bd630e0 00007ffefcbc49b2
0x000000fa69efb4c0:   0000027a4bc8b610 00007fffb2ed5ba1
0x000000fa69efb4d0:   0000000000000000 0000000000000000
0x000000fa69efb4e0:   fffffffffffffffe 0000027a4bdbd010
0x000000fa69efb4f0:   000000fa69efb828 00007ffefcbc4f79
0x000000fa69efb500:   0000027a4bd630e0 00007ffefcbea582
0x000000fa69efb510:   0000027a4a0cd460 0000027a4bdbd010
0x000000fa69efb520:   fffffffffffffffe 00007fffb2ed47b1
0x000000fa69efb530:   0000027a4bd630e0 0000027a4bd630e0
0x000000fa69efb540:   0000027a4bc8b610 00007ffefcbea7be
0x000000fa69efb550:   0000027a4bb23e80 00007fffb2ed47b1
0x000000fa69efb560:   0000000000000000 00007fffb2ed5ba1 

Instructions: (pc=0x00007ffefcbe809f)
0x00007ffefcbe807f:   e8 ec fa ff ff 48 8b d0 48 8b cb 48 c1 e9 03 48
0x00007ffefcbe808f:   03 cb 48 23 48 30 4c 8b 40 18 48 8b f9 48 03 ff
0x00007ffefcbe809f:   49 8b 3c f8 48 03 c9 4c 8d 0c cd 08 00 00 00 4d
0x00007ffefcbe80af:   8b 14 c8 4c 3b 52 08 75 06 48 8b 42 08 eb 07 4b 



---------------  P R O C E S S  ---------------

Java Threads: ( => current thread )
  0x0000027a0f7d2800 JavaThread "Tcl Command Line: set y0 14104<newline>for {set y [expr $y0]} {$y < " [_thread_in_native, id=10560, stack(0x000000fa6d200000,0x000000fa6d700000)]
  0x0000027a0f7d7000 JavaThread "Image Animator 0" daemon [_thread_blocked, id=13976, stack(0x000000fa6f100000,0x000000fa6f600000)]
  0x0000027a0f7d9000 JavaThread "Swing-Shell" daemon [_thread_blocked, id=22996, stack(0x000000fa6cb00000,0x000000fa6d000000)]
  0x0000027a0f7d4800 JavaThread "Thread-5985" [_thread_in_native, id=14464, stack(0x000000fa61d00000,0x000000fa61e00000)]
  0x0000027a0f7d1000 JavaThread "Thread-173" [_thread_in_native, id=23468, stack(0x000000fa6ba00000,0x000000fa6bb00000)]
  0x0000027a77aaa800 JavaThread "SyntheticaAnimation 50" daemon [_thread_blocked, id=18204, stack(0x000000fa6e200000,0x000000fa6e700000)]
  0x0000027a00f08000 JavaThread "Update Runs Swing Worker" [_thread_blocked, id=16764, stack(0x000000fa6da00000,0x000000fa6df00000)]
  0x0000027a00f05000 JavaThread "hw_ila_monitor" [_thread_blocked, id=21524, stack(0x000000fa6c600000,0x000000fa6cb00000)]
  0x0000027a00f06000 JavaThread "Refresh Filesets Swing Worker" [_thread_blocked, id=18876, stack(0x000000fa6a400000,0x000000fa6a900000)]
  0x0000027a77aad800 JavaThread "SyntheticaAnimation 70" daemon [_thread_blocked, id=5908, stack(0x000000fa6bd00000,0x000000fa6c200000)]
  0x0000027a717a9000 JavaThread "SyntheticaAnimation 25" daemon [_thread_blocked, id=13840, stack(0x000000fa6b300000,0x000000fa6b800000)]
  0x0000027a717aa800 JavaThread "SyntheticaAnimation 50" daemon [_thread_blocked, id=16108, stack(0x000000fa6ae00000,0x000000fa6b300000)]
  0x0000027a717aa000 JavaThread "Monitor HEventQueue" [_thread_blocked, id=20820, stack(0x000000fa68b00000,0x000000fa69000000)]
  0x0000027a717ac000 JavaThread "SyntheticaCleanerThread" daemon [_thread_blocked, id=20120, stack(0x000000fa6a900000,0x000000fa6ae00000)]
  0x0000027a71856800 JavaThread "Batik CleanerThread" daemon [_thread_blocked, id=600, stack(0x000000fa69f00000,0x000000fa6a400000)]
  0x0000027a7179d800 JavaThread "Process Messages" [_thread_blocked, id=10352, stack(0x000000fa69000000,0x000000fa69500000)]
  0x0000027a4d64e000 JavaThread "Thread-1" [_thread_in_native, id=17556, stack(0x000000fa62300000,0x000000fa63700000)]
=>0x0000027a7250a800 JavaThread "AWT-EventQueue-0" [_thread_in_native, id=21644, stack(0x000000fa69a00000,0x000000fa69f00000)]
  0x0000027a71af2000 JavaThread "AWT-Shutdown" [_thread_blocked, id=13392, stack(0x000000fa69500000,0x000000fa69a00000)]
  0x0000027a71f13000 JavaThread "TimerQueue" daemon [_thread_blocked, id=24108, stack(0x000000fa68100000,0x000000fa68600000)]
  0x0000027a71b41000 JavaThread "AWT-Windows" daemon [_thread_in_native, id=22084, stack(0x000000fa68600000,0x000000fa68b00000)]
  0x0000027a71811800 JavaThread "Java2D Disposer" daemon [_thread_blocked, id=25764, stack(0x000000fa67c00000,0x000000fa68100000)]
  0x0000027a4d942800 JavaThread "Service Thread" daemon [_thread_blocked, id=15140, stack(0x000000fa67600000,0x000000fa67b00000)]
  0x0000027a4ecc6000 JavaThread "Common-Cleaner" daemon [_thread_blocked, id=19892, stack(0x000000fa67100000,0x000000fa67600000)]
  0x0000027a5251a000 JavaThread "Sweeper thread" daemon [_thread_blocked, id=11984, stack(0x000000fa66c00000,0x000000fa67100000)]
  0x0000027a4eff4000 JavaThread "C1 CompilerThread3" daemon [_thread_blocked, id=19316, stack(0x000000fa66b00000,0x000000fa66c00000)]
  0x0000027a4eff8000 JavaThread "C2 CompilerThread2" daemon [_thread_blocked, id=6428, stack(0x000000fa66a00000,0x000000fa66b00000)]
  0x0000027a52519800 JavaThread "C2 CompilerThread1" daemon [_thread_blocked, id=15464, stack(0x000000fa66900000,0x000000fa66a00000)]
  0x0000027a4effb000 JavaThread "C2 CompilerThread0" daemon [_thread_blocked, id=17684, stack(0x000000fa66800000,0x000000fa66900000)]
  0x0000027a4effa800 JavaThread "Attach Listener" daemon [_thread_blocked, id=13580, stack(0x000000fa66300000,0x000000fa66800000)]
  0x0000027a517b1000 JavaThread "Signal Dispatcher" daemon [_thread_blocked, id=23204, stack(0x000000fa65e00000,0x000000fa66300000)]
  0x0000027a4ef32800 JavaThread "Finalizer" daemon [_thread_blocked, id=4956, stack(0x000000fa65900000,0x000000fa65e00000)]
  0x0000027a4ed3f000 JavaThread "Reference Handler" daemon [_thread_blocked, id=24528, stack(0x000000fa65400000,0x000000fa65900000)]
  0x0000027a5257e000 JavaThread "main" [_thread_blocked, id=7748, stack(0x000000fa63900000,0x000000fa63a00000)]

Other Threads:
  0x0000027a4ed3e800 VMThread "VM Thread" [stack: 0x000000fa65300000,0x000000fa65400000] [id=20324]
  0x0000027a4d800000 WatcherThread [stack: 0x000000fa67b00000,0x000000fa67c00000] [id=5272]
  0x0000027a4c373000 GCTaskThread "GC Thread#0" [stack: 0x000000fa63a00000,0x000000fa63b00000] [id=11332]
  0x0000027a4c4cb000 GCTaskThread "GC Thread#1" [stack: 0x000000fa63b00000,0x000000fa63c00000] [id=3820]
  0x0000027a4c4cb800 GCTaskThread "GC Thread#2" [stack: 0x000000fa63c00000,0x000000fa63d00000] [id=23732]
  0x0000027a4eda1000 GCTaskThread "GC Thread#3" [stack: 0x000000fa63d00000,0x000000fa63e00000] [id=25864]
  0x0000027a4eda1800 GCTaskThread "GC Thread#4" [stack: 0x000000fa63e00000,0x000000fa63f00000] [id=7576]
  0x0000027a4ed95000 GCTaskThread "GC Thread#5" [stack: 0x000000fa63f00000,0x000000fa64000000] [id=3976]
  0x0000027a4f1a2800 GCTaskThread "GC Thread#6" [stack: 0x000000fa64000000,0x000000fa64100000] [id=11120]
  0x0000027a4f1a3000 GCTaskThread "GC Thread#7" [stack: 0x000000fa64100000,0x000000fa64200000] [id=6020]
  0x0000027a4eacb000 GCTaskThread "GC Thread#8" [stack: 0x000000fa64200000,0x000000fa64300000] [id=21364]
  0x0000027a4eacb800 GCTaskThread "GC Thread#9" [stack: 0x000000fa64300000,0x000000fa64400000] [id=17132]
  0x0000027a4bf37800 ConcurrentGCThread "G1 Main Marker" [stack: 0x000000fa64f00000,0x000000fa65000000] [id=8260]
  0x0000027a51aab800 ConcurrentGCThread "G1 Marker#0" [stack: 0x000000fa65000000,0x000000fa65100000] [id=20012]
  0x0000027a51aac000 ConcurrentGCThread "G1 Marker#1" [stack: 0x000000fa65100000,0x000000fa65200000] [id=21012]
  0x0000027a51aac800 ConcurrentGCThread "G1 Marker#2" [stack: 0x000000fa65200000,0x000000fa65300000] [id=3824]
  0x0000027a4f21d000 ConcurrentGCThread "G1 Refine#0" [stack: 0x000000fa64d00000,0x000000fa64e00000] [id=25476]
  0x0000027a4f21c800 ConcurrentGCThread "G1 Refine#1" [stack: 0x000000fa64c00000,0x000000fa64d00000] [id=14796]
  0x0000027a52548000 ConcurrentGCThread "G1 Refine#2" [stack: 0x000000fa64b00000,0x000000fa64c00000] [id=17912]
  0x0000027a52547800 ConcurrentGCThread "G1 Refine#3" [stack: 0x000000fa64a00000,0x000000fa64b00000] [id=18652]
  0x0000027a51ad1000 ConcurrentGCThread "G1 Refine#4" [stack: 0x000000fa64900000,0x000000fa64a00000] [id=15452]
  0x0000027a51ad0800 ConcurrentGCThread "G1 Refine#5" [stack: 0x000000fa64800000,0x000000fa64900000] [id=24500]
  0x0000027a49705000 ConcurrentGCThread "G1 Refine#6" [stack: 0x000000fa64700000,0x000000fa64800000] [id=25924]
  0x0000027a4efcf800 ConcurrentGCThread "G1 Refine#7" [stack: 0x000000fa64600000,0x000000fa64700000] [id=24488]
  0x0000027a4c307800 ConcurrentGCThread "G1 Refine#8" [stack: 0x000000fa64500000,0x000000fa64600000] [id=13388]
  0x0000027a4c306800 ConcurrentGCThread "G1 Refine#9" [stack: 0x000000fa64400000,0x000000fa64500000] [id=15296]
  0x0000027a4eeb7800 ConcurrentGCThread "G1 Young RemSet Sampling" [stack: 0x000000fa64e00000,0x000000fa64f00000] [id=22612]

Threads with active compile tasks:

VM state:not at safepoint (normal execution)

VM Mutex/Monitor currently owned by a thread: None

Heap address: 0x0000000700000000, size: 3072 MB, Compressed Oops mode: Zero based, Oop shift amount: 3
Narrow klass base: 0x0000000000000000, Narrow klass shift: 3
Compressed class space size: 1073741824 Address: 0x00000007c0000000

Heap:
 garbage-first heap   total 385024K, used 133693K [0x0000000700000000, 0x0000000700100bc0, 0x00000007c0000000)
  region size 1024K, 16 young (16384K), 5 survivors (5120K)
 Metaspace       used 91770K, capacity 93645K, committed 101884K, reserved 1136640K
  class space    used 12495K, capacity 12879K, committed 14588K, reserved 1048576K
Heap Regions: E=young(eden), S=young(survivor), O=old, HS=humongous(starts), HC=humongous(continues), CS=collection set, F=free, A=archive, TS=gc time stamp, AC=allocation context, TAMS=top-at-mark-start (previous, next)
|   0|0x0000000700000000, 0x00000007000e9e78, 0x0000000700100000| 91%| O|  |TS  0|AC  0|TAMS 0x0000000700000000, 0x0000000700000000|
|   1|0x0000000700100000, 0x0000000700200000, 0x0000000700200000|100%|HS|  |TS  0|AC  0|TAMS 0x0000000700100000, 0x0000000700100000|
|   2|0x0000000700200000, 0x0000000700300000, 0x0000000700300000|100%|HC|  |TS  0|AC  0|TAMS 0x0000000700200000, 0x0000000700200000|
|   3|0x0000000700300000, 0x0000000700400000, 0x0000000700400000|100%|HS|  |TS  0|AC  0|TAMS 0x0000000700300000, 0x0000000700300000|
|   4|0x0000000700400000, 0x00000007004ffe08, 0x0000000700500000| 99%| O|  |TS  0|AC  0|TAMS 0x0000000700400000, 0x0000000700400000|
|   5|0x0000000700500000, 0x00000007005ffff8, 0x0000000700600000| 99%| O|  |TS  0|AC  0|TAMS 0x0000000700500000, 0x0000000700500000|
|   6|0x0000000700600000, 0x00000007006fffc8, 0x0000000700700000| 99%| O|  |TS  0|AC  0|TAMS 0x0000000700600000, 0x0000000700600000|
|   7|0x0000000700700000, 0x00000007007fffe8, 0x0000000700800000| 99%| O|  |TS  0|AC  0|TAMS 0x0000000700700000, 0x0000000700700000|
|   8|0x0000000700800000, 0x00000007008ed180, 0x0000000700900000| 92%| O|  |TS  0|AC  0|TAMS 0x0000000700800000, 0x0000000700800000|
|   9|0x0000000700900000, 0x00000007009e6568, 0x0000000700a00000| 89%| O|  |TS  0|AC  0|TAMS 0x0000000700900000, 0x0000000700900000|
|  10|0x0000000700a00000, 0x0000000700ae76b0, 0x0000000700b00000| 90%| O|  |TS  0|AC  0|TAMS 0x0000000700a00000, 0x0000000700a00000|
|  11|0x0000000700b00000, 0x0000000700bfb7d0, 0x0000000700c00000| 98%| O|  |TS  0|AC  0|TAMS 0x0000000700b00000, 0x0000000700b00000|
|  12|0x0000000700c00000, 0x0000000700cf0678, 0x0000000700d00000| 93%| O|  |TS  0|AC  0|TAMS 0x0000000700c00000, 0x0000000700c00000|
|  13|0x0000000700d00000, 0x0000000700dffff0, 0x0000000700e00000| 99%| O|  |TS  0|AC  0|TAMS 0x0000000700d00000, 0x0000000700d00000|
|  14|0x0000000700e00000, 0x0000000700efffc8, 0x0000000700f00000| 99%| O|  |TS  0|AC  0|TAMS 0x0000000700e00000, 0x0000000700e00000|
|  15|0x0000000700f00000, 0x0000000700fffff0, 0x0000000701000000| 99%| O|  |TS  0|AC  0|TAMS 0x0000000700f00000, 0x0000000700f00000|
|  16|0x0000000701000000, 0x00000007010f9400, 0x0000000701100000| 97%| O|  |TS  0|AC  0|TAMS 0x0000000701000000, 0x0000000701000000|
|  17|0x0000000701100000, 0x000000070119e728, 0x0000000701200000| 61%| O|  |TS  0|AC  0|TAMS 0x0000000701100000, 0x0000000701100000|
|  18|0x0000000701200000, 0x0000000701300000, 0x0000000701300000|100%| O|  |TS  0|AC  0|TAMS 0x0000000701200000, 0x0000000701200000|
|  19|0x0000000701300000, 0x0000000701400000, 0x0000000701400000|100%| O|  |TS  0|AC  0|TAMS 0x0000000701300000, 0x0000000701300000|
|  20|0x0000000701400000, 0x00000007014ffff0, 0x0000000701500000| 99%| O|  |TS  0|AC  0|TAMS 0x0000000701400000, 0x0000000701400000|
|  21|0x0000000701500000, 0x00000007015ffff0, 0x0000000701600000| 99%| O|  |TS  0|AC  0|TAMS 0x0000000701500000, 0x0000000701500000|
|  22|0x0000000701600000, 0x00000007016ffff0, 0x0000000701700000| 99%| O|  |TS  0|AC  0|TAMS 0x0000000701600000, 0x0000000701600000|
|  23|0x0000000701700000, 0x00000007017fffe0, 0x0000000701800000| 99%| O|  |TS  0|AC  0|TAMS 0x0000000701700000, 0x0000000701700000|
|  24|0x0000000701800000, 0x00000007018fff18, 0x0000000701900000| 99%| O|  |TS  0|AC  0|TAMS 0x0000000701800000, 0x0000000701800000|
|  25|0x0000000701900000, 0x0000000701a00000, 0x0000000701a00000|100%| O|  |TS  0|AC  0|TAMS 0x0000000701900000, 0x0000000701900000|
|  26|0x0000000701a00000, 0x0000000701affff8, 0x0000000701b00000| 99%| O|  |TS  0|AC  0|TAMS 0x0000000701a00000, 0x0000000701a00000|
|  27|0x0000000701b00000, 0x0000000701bffff8, 0x0000000701c00000| 99%| O|  |TS  0|AC  0|TAMS 0x0000000701b00000, 0x0000000701b00000|
|  28|0x0000000701c00000, 0x0000000701cfffe8, 0x0000000701d00000| 99%| O|  |TS  0|AC  0|TAMS 0x0000000701c00000, 0x0000000701c00000|
|  29|0x0000000701d00000, 0x0000000701dff8c8, 0x0000000701e00000| 99%| O|  |TS  0|AC  0|TAMS 0x0000000701d00000, 0x0000000701d00000|
|  30|0x0000000701e00000, 0x0000000701efda88, 0x0000000701f00000| 99%| O|  |TS  0|AC  0|TAMS 0x0000000701e00000, 0x0000000701e00000|
|  31|0x0000000701f00000, 0x0000000701ffff88, 0x0000000702000000| 99%| O|  |TS  0|AC  0|TAMS 0x0000000701f00000, 0x0000000701f00000|
|  32|0x0000000702000000, 0x00000007020ffff8, 0x0000000702100000| 99%| O|  |TS  0|AC  0|TAMS 0x0000000702000000, 0x0000000702000000|
|  33|0x0000000702100000, 0x00000007021fffd8, 0x0000000702200000| 99%| O|  |TS  0|AC  0|TAMS 0x0000000702100000, 0x0000000702100000|
|  34|0x0000000702200000, 0x00000007022ffff8, 0x0000000702300000| 99%| O|  |TS  0|AC  0|TAMS 0x0000000702200000, 0x0000000702200000|
|  35|0x0000000702300000, 0x00000007023ffff0, 0x0000000702400000| 99%| O|  |TS  0|AC  0|TAMS 0x0000000702300000, 0x0000000702300000|
|  36|0x0000000702400000, 0x00000007024ffff0, 0x0000000702500000| 99%| O|  |TS  0|AC  0|TAMS 0x0000000702400000, 0x0000000702400000|
|  37|0x0000000702500000, 0x00000007025fffe8, 0x0000000702600000| 99%| O|  |TS  0|AC  0|TAMS 0x0000000702500000, 0x0000000702500000|
|  38|0x0000000702600000, 0x00000007026ffff0, 0x0000000702700000| 99%| O|  |TS  0|AC  0|TAMS 0x0000000702600000, 0x0000000702600000|
|  39|0x0000000702700000, 0x00000007027fff00, 0x0000000702800000| 99%| O|  |TS  0|AC  0|TAMS 0x0000000702700000, 0x0000000702700000|
|  40|0x0000000702800000, 0x00000007028ffff0, 0x0000000702900000| 99%| O|  |TS  0|AC  0|TAMS 0x0000000702800000, 0x0000000702800000|
|  41|0x0000000702900000, 0x00000007029ffff8, 0x0000000702a00000| 99%| O|  |TS  0|AC  0|TAMS 0x0000000702900000, 0x0000000702900000|
|  42|0x0000000702a00000, 0x0000000702afff90, 0x0000000702b00000| 99%| O|  |TS  0|AC  0|TAMS 0x0000000702a00000, 0x0000000702a00000|
|  43|0x0000000702b00000, 0x0000000702c00000, 0x0000000702c00000|100%|HS|  |TS  0|AC  0|TAMS 0x0000000702b00000, 0x0000000702b00000|
|  44|0x0000000702c00000, 0x0000000702d00000, 0x0000000702d00000|100%|HS|  |TS  0|AC  0|TAMS 0x0000000702c00000, 0x0000000702c00000|
|  45|0x0000000702d00000, 0x0000000702e00000, 0x0000000702e00000|100%|HC|  |TS  0|AC  0|TAMS 0x0000000702d00000, 0x0000000702d00000|
|  46|0x0000000702e00000, 0x0000000702f00000, 0x0000000702f00000|100%|HC|  |TS  0|AC  0|TAMS 0x0000000702e00000, 0x0000000702e00000|
|  47|0x0000000702f00000, 0x0000000703000000, 0x0000000703000000|100%|HS|  |TS  0|AC  0|TAMS 0x0000000702f00000, 0x0000000702f00000|
|  48|0x0000000703000000, 0x0000000703100000, 0x0000000703100000|100%|HS|  |TS  0|AC  0|TAMS 0x0000000703000000, 0x0000000703000000|
|  49|0x0000000703100000, 0x0000000703200000, 0x0000000703200000|100%|HS|  |TS  0|AC  0|TAMS 0x0000000703100000, 0x0000000703100000|
|  50|0x0000000703200000, 0x0000000703300000, 0x0000000703300000|100%|HS|  |TS  0|AC  0|TAMS 0x0000000703200000, 0x0000000703200000|
|  51|0x0000000703300000, 0x00000007033ffff0, 0x0000000703400000| 99%| O|  |TS  0|AC  0|TAMS 0x0000000703300000, 0x0000000703300000|
|  52|0x0000000703400000, 0x00000007034fffc8, 0x0000000703500000| 99%| O|  |TS  0|AC  0|TAMS 0x0000000703400000, 0x0000000703400000|
|  53|0x0000000703500000, 0x0000000703600000, 0x0000000703600000|100%| O|  |TS  0|AC  0|TAMS 0x0000000703500000, 0x0000000703500000|
|  54|0x0000000703600000, 0x0000000703700000, 0x0000000703700000|100%| O|  |TS  0|AC  0|TAMS 0x0000000703600000, 0x0000000703600000|
|  55|0x0000000703700000, 0x0000000703800000, 0x0000000703800000|100%| O|  |TS  0|AC  0|TAMS 0x0000000703700000, 0x0000000703700000|
|  56|0x0000000703800000, 0x00000007038fffe8, 0x0000000703900000| 99%| O|  |TS  0|AC  0|TAMS 0x0000000703800000, 0x0000000703800000|
|  57|0x0000000703900000, 0x00000007039ffff0, 0x0000000703a00000| 99%| O|  |TS  0|AC  0|TAMS 0x0000000703900000, 0x0000000703900000|
|  58|0x0000000703a00000, 0x0000000703afffe0, 0x0000000703b00000| 99%| O|  |TS  0|AC  0|TAMS 0x0000000703a00000, 0x0000000703a00000|
|  59|0x0000000703b00000, 0x0000000703bffff8, 0x0000000703c00000| 99%| O|  |TS  0|AC  0|TAMS 0x0000000703b00000, 0x0000000703b00000|
|  60|0x0000000703c00000, 0x0000000703cffed0, 0x0000000703d00000| 99%| O|  |TS  0|AC  0|TAMS 0x0000000703c00000, 0x0000000703c00000|
|  61|0x0000000703d00000, 0x0000000703e00000, 0x0000000703e00000|100%| O|  |TS  0|AC  0|TAMS 0x0000000703d00000, 0x0000000703d00000|
|  62|0x0000000703e00000, 0x0000000703efffe8, 0x0000000703f00000| 99%| O|  |TS  0|AC  0|TAMS 0x0000000703e00000, 0x0000000703e00000|
|  63|0x0000000703f00000, 0x0000000703ffffc0, 0x0000000704000000| 99%| O|  |TS  0|AC  0|TAMS 0x0000000703f00000, 0x0000000703f00000|
|  64|0x0000000704000000, 0x00000007040fffa8, 0x0000000704100000| 99%| O|  |TS  0|AC  0|TAMS 0x0000000704000000, 0x0000000704000000|
|  65|0x0000000704100000, 0x00000007041ffff0, 0x0000000704200000| 99%| O|  |TS  0|AC  0|TAMS 0x0000000704100000, 0x0000000704100000|
|  66|0x0000000704200000, 0x00000007042fffe0, 0x0000000704300000| 99%| O|  |TS  0|AC  0|TAMS 0x0000000704200000, 0x0000000704200000|
|  67|0x0000000704300000, 0x0000000704400000, 0x0000000704400000|100%| O|  |TS  0|AC  0|TAMS 0x0000000704300000, 0x0000000704300000|
|  68|0x0000000704400000, 0x00000007044ffff8, 0x0000000704500000| 99%| O|  |TS  0|AC  0|TAMS 0x0000000704400000, 0x0000000704400000|
|  69|0x0000000704500000, 0x00000007045ffff0, 0x0000000704600000| 99%| O|  |TS  0|AC  0|TAMS 0x0000000704500000, 0x0000000704500000|
|  70|0x0000000704600000, 0x00000007046ffff0, 0x0000000704700000| 99%| O|  |TS  0|AC  0|TAMS 0x0000000704600000, 0x0000000704600000|
|  71|0x0000000704700000, 0x00000007047ffff8, 0x0000000704800000| 99%| O|  |TS  0|AC  0|TAMS 0x0000000704700000, 0x0000000704700000|
|  72|0x0000000704800000, 0x00000007048ffff0, 0x0000000704900000| 99%| O|  |TS  0|AC  0|TAMS 0x0000000704800000, 0x0000000704800000|
|  73|0x0000000704900000, 0x0000000704a00000, 0x0000000704a00000|100%| O|  |TS  0|AC  0|TAMS 0x0000000704900000, 0x0000000704900000|
|  74|0x0000000704a00000, 0x0000000704affff0, 0x0000000704b00000| 99%| O|  |TS  0|AC  0|TAMS 0x0000000704a00000, 0x0000000704a00000|
|  75|0x0000000704b00000, 0x0000000704bffff8, 0x0000000704c00000| 99%| O|  |TS  0|AC  0|TAMS 0x0000000704b00000, 0x0000000704b00000|
|  76|0x0000000704c00000, 0x0000000704cffff8, 0x0000000704d00000| 99%| O|  |TS  0|AC  0|TAMS 0x0000000704c00000, 0x0000000704c00000|
|  77|0x0000000704d00000, 0x0000000704dffff0, 0x0000000704e00000| 99%| O|  |TS  0|AC  0|TAMS 0x0000000704d00000, 0x0000000704d00000|
|  78|0x0000000704e00000, 0x0000000704effff8, 0x0000000704f00000| 99%| O|  |TS  0|AC  0|TAMS 0x0000000704e00000, 0x0000000704e00000|
|  79|0x0000000704f00000, 0x0000000704fffff0, 0x0000000705000000| 99%| O|  |TS  0|AC  0|TAMS 0x0000000704f00000, 0x0000000704f00000|
|  80|0x0000000705000000, 0x00000007050ffff8, 0x0000000705100000| 99%| O|  |TS  0|AC  0|TAMS 0x0000000705000000, 0x0000000705000000|
|  81|0x0000000705100000, 0x00000007051ffff0, 0x0000000705200000| 99%| O|  |TS  0|AC  0|TAMS 0x0000000705100000, 0x0000000705100000|
|  82|0x0000000705200000, 0x00000007052ffe18, 0x0000000705300000| 99%| O|  |TS  0|AC  0|TAMS 0x0000000705200000, 0x0000000705200000|
|  83|0x0000000705300000, 0x00000007053ffff0, 0x0000000705400000| 99%| O|  |TS  0|AC  0|TAMS 0x0000000705300000, 0x0000000705300000|
|  84|0x0000000705400000, 0x00000007054ffff0, 0x0000000705500000| 99%| O|  |TS  0|AC  0|TAMS 0x0000000705400000, 0x0000000705400000|
|  85|0x0000000705500000, 0x0000000705600000, 0x0000000705600000|100%| O|  |TS  0|AC  0|TAMS 0x0000000705500000, 0x0000000705500000|
|  86|0x0000000705600000, 0x00000007056ffff0, 0x0000000705700000| 99%| O|  |TS  0|AC  0|TAMS 0x0000000705600000, 0x0000000705600000|
|  87|0x0000000705700000, 0x00000007057ffff0, 0x0000000705800000| 99%| O|  |TS  0|AC  0|TAMS 0x0000000705700000, 0x0000000705700000|
|  88|0x0000000705800000, 0x00000007058ffff8, 0x0000000705900000| 99%| O|  |TS  0|AC  0|TAMS 0x0000000705800000, 0x0000000705800000|
|  89|0x0000000705900000, 0x00000007059ffff8, 0x0000000705a00000| 99%| O|  |TS  0|AC  0|TAMS 0x0000000705900000, 0x0000000705900000|
|  90|0x0000000705a00000, 0x0000000705b00000, 0x0000000705b00000|100%| O|  |TS  0|AC  0|TAMS 0x0000000705a00000, 0x0000000705a00000|
|  91|0x0000000705b00000, 0x0000000705bffff0, 0x0000000705c00000| 99%| O|  |TS  0|AC  0|TAMS 0x0000000705b00000, 0x0000000705b00000|
|  92|0x0000000705c00000, 0x0000000705cfe780, 0x0000000705d00000| 99%| O|  |TS  0|AC  0|TAMS 0x0000000705c00000, 0x0000000705c00000|
|  93|0x0000000705d00000, 0x0000000705e00000, 0x0000000705e00000|100%| O|  |TS  0|AC  0|TAMS 0x0000000705d00000, 0x0000000705d00000|
|  94|0x0000000705e00000, 0x0000000705f00000, 0x0000000705f00000|100%| O|  |TS  0|AC  0|TAMS 0x0000000705e00000, 0x0000000705e00000|
|  95|0x0000000705f00000, 0x0000000705fffff0, 0x0000000706000000| 99%| O|  |TS  0|AC  0|TAMS 0x0000000705f00000, 0x0000000705f00000|
|  96|0x0000000706000000, 0x0000000706100000, 0x0000000706100000|100%| O|  |TS  0|AC  0|TAMS 0x0000000706000000, 0x0000000706000000|
|  97|0x0000000706100000, 0x00000007061ffff8, 0x0000000706200000| 99%| O|  |TS  0|AC  0|TAMS 0x0000000706100000, 0x0000000706100000|
|  98|0x0000000706200000, 0x00000007062fffe0, 0x0000000706300000| 99%| O|  |TS  0|AC  0|TAMS 0x0000000706200000, 0x0000000706200000|
|  99|0x0000000706300000, 0x00000007063ffff8, 0x0000000706400000| 99%| O|  |TS  0|AC  0|TAMS 0x0000000706300000, 0x0000000706300000|
| 100|0x0000000706400000, 0x0000000706500000, 0x0000000706500000|100%| O|  |TS  0|AC  0|TAMS 0x0000000706400000, 0x0000000706400000|
| 101|0x0000000706500000, 0x00000007065ef850, 0x0000000706600000| 93%| O|  |TS  0|AC  0|TAMS 0x0000000706500000, 0x0000000706500000|
| 102|0x0000000706600000, 0x00000007066f5068, 0x0000000706700000| 95%| O|  |TS  0|AC  0|TAMS 0x0000000706600000, 0x0000000706600000|
| 103|0x0000000706700000, 0x000000070674ad18, 0x0000000706800000| 29%| O|  |TS  0|AC  0|TAMS 0x0000000706700000, 0x0000000706700000|
| 104|0x0000000706800000, 0x0000000706900000, 0x0000000706900000|100%|HS|  |TS  0|AC  0|TAMS 0x0000000706800000, 0x0000000706800000|
| 105|0x0000000706900000, 0x0000000706a00000, 0x0000000706a00000|100%| O|  |TS 99|AC  0|TAMS 0x0000000706900000, 0x0000000706900000|
| 106|0x0000000706a00000, 0x0000000706a97400, 0x0000000706b00000| 59%| O|  |TS135|AC  0|TAMS 0x0000000706a00000, 0x0000000706a00000|
| 107|0x0000000706b00000, 0x0000000706b00000, 0x0000000706c00000|  0%| F|  |TS  0|AC  0|TAMS 0x0000000706b00000, 0x0000000706b00000|
| 108|0x0000000706c00000, 0x0000000706d00000, 0x0000000706d00000|100%|HS|  |TS  0|AC  0|TAMS 0x0000000706c00000, 0x0000000706c00000|
| 109|0x0000000706d00000, 0x0000000706e00000, 0x0000000706e00000|100%|HC|  |TS  0|AC  0|TAMS 0x0000000706d00000, 0x0000000706d00000|
| 110|0x0000000706e00000, 0x0000000706f00000, 0x0000000706f00000|100%|HC|  |TS  0|AC  0|TAMS 0x0000000706e00000, 0x0000000706e00000|
| 111|0x0000000706f00000, 0x0000000707000000, 0x0000000707000000|100%|HC|  |TS  0|AC  0|TAMS 0x0000000706f00000, 0x0000000706f00000|
| 112|0x0000000707000000, 0x0000000707100000, 0x0000000707100000|100%|HC|  |TS  0|AC  0|TAMS 0x0000000707000000, 0x0000000707000000|
| 113|0x0000000707100000, 0x0000000707200000, 0x0000000707200000|100%|HC|  |TS  0|AC  0|TAMS 0x0000000707100000, 0x0000000707100000|
| 114|0x0000000707200000, 0x0000000707300000, 0x0000000707300000|100%|HC|  |TS  0|AC  0|TAMS 0x0000000707200000, 0x0000000707200000|
| 115|0x0000000707300000, 0x0000000707400000, 0x0000000707400000|100%|HC|  |TS  0|AC  0|TAMS 0x0000000707300000, 0x0000000707300000|
| 116|0x0000000707400000, 0x0000000707500000, 0x0000000707500000|100%|HC|  |TS  0|AC  0|TAMS 0x0000000707400000, 0x0000000707400000|
| 117|0x0000000707500000, 0x0000000707500000, 0x0000000707600000|  0%| F|  |TS  0|AC  0|TAMS 0x0000000707500000, 0x0000000707500000|
| 118|0x0000000707600000, 0x0000000707600000, 0x0000000707700000|  0%| F|  |TS  0|AC  0|TAMS 0x0000000707600000, 0x0000000707600000|
| 119|0x0000000707700000, 0x0000000707700000, 0x0000000707800000|  0%| F|  |TS  0|AC  0|TAMS 0x0000000707700000, 0x0000000707700000|
| 120|0x0000000707800000, 0x0000000707800000, 0x0000000707900000|  0%| F|  |TS  0|AC  0|TAMS 0x0000000707800000, 0x0000000707800000|
| 121|0x0000000707900000, 0x0000000707900000, 0x0000000707a00000|  0%| F|  |TS  0|AC  0|TAMS 0x0000000707900000, 0x0000000707900000|
| 122|0x0000000707a00000, 0x0000000707a00000, 0x0000000707b00000|  0%| F|  |TS  0|AC  0|TAMS 0x0000000707a00000, 0x0000000707a00000|
| 123|0x0000000707b00000, 0x0000000707b00000, 0x0000000707c00000|  0%| F|  |TS  0|AC  0|TAMS 0x0000000707b00000, 0x0000000707b00000|
| 124|0x0000000707c00000, 0x0000000707c00000, 0x0000000707d00000|  0%| F|  |TS  0|AC  0|TAMS 0x0000000707c00000, 0x0000000707c00000|
| 125|0x0000000707d00000, 0x0000000707d00000, 0x0000000707e00000|  0%| F|  |TS  0|AC  0|TAMS 0x0000000707d00000, 0x0000000707d00000|
| 126|0x0000000707e00000, 0x0000000707e00000, 0x0000000707f00000|  0%| F|  |TS  0|AC  0|TAMS 0x0000000707e00000, 0x0000000707e00000|
| 127|0x0000000707f00000, 0x0000000707f00000, 0x0000000708000000|  0%| F|  |TS  0|AC  0|TAMS 0x0000000707f00000, 0x0000000707f00000|
| 128|0x0000000708000000, 0x0000000708000000, 0x0000000708100000|  0%| F|  |TS  0|AC  0|TAMS 0x0000000708000000, 0x0000000708000000|
| 129|0x0000000708100000, 0x0000000708200000, 0x0000000708200000|100%|HS|  |TS  0|AC  0|TAMS 0x0000000708100000, 0x0000000708100000|
| 130|0x0000000708200000, 0x0000000708300000, 0x0000000708300000|100%|HC|  |TS  0|AC  0|TAMS 0x0000000708200000, 0x0000000708200000|
| 131|0x0000000708300000, 0x0000000708300000, 0x0000000708400000|  0%| F|  |TS  0|AC  0|TAMS 0x0000000708300000, 0x0000000708300000|
| 132|0x0000000708400000, 0x0000000708400000, 0x0000000708500000|  0%| F|  |TS  0|AC  0|TAMS 0x0000000708400000, 0x0000000708400000|
| 133|0x0000000708500000, 0x0000000708500000, 0x0000000708600000|  0%| F|  |TS  0|AC  0|TAMS 0x0000000708500000, 0x0000000708500000|
| 134|0x0000000708600000, 0x0000000708600000, 0x0000000708700000|  0%| F|  |TS  0|AC  0|TAMS 0x0000000708600000, 0x0000000708600000|
| 135|0x0000000708700000, 0x0000000708700000, 0x0000000708800000|  0%| F|  |TS  0|AC  0|TAMS 0x0000000708700000, 0x0000000708700000|
| 136|0x0000000708800000, 0x0000000708800000, 0x0000000708900000|  0%| F|  |TS  0|AC  0|TAMS 0x0000000708800000, 0x0000000708800000|
| 137|0x0000000708900000, 0x0000000708900000, 0x0000000708a00000|  0%| F|  |TS  0|AC  0|TAMS 0x0000000708900000, 0x0000000708900000|
| 138|0x0000000708a00000, 0x0000000708a00000, 0x0000000708b00000|  0%| F|  |TS  0|AC  0|TAMS 0x0000000708a00000, 0x0000000708a00000|
| 139|0x0000000708b00000, 0x0000000708b00000, 0x0000000708c00000|  0%| F|  |TS  0|AC  0|TAMS 0x0000000708b00000, 0x0000000708b00000|
| 140|0x0000000708c00000, 0x0000000708c00000, 0x0000000708d00000|  0%| F|  |TS  0|AC  0|TAMS 0x0000000708c00000, 0x0000000708c00000|
| 141|0x0000000708d00000, 0x0000000708d00000, 0x0000000708e00000|  0%| F|  |TS  0|AC  0|TAMS 0x0000000708d00000, 0x0000000708d00000|
| 142|0x0000000708e00000, 0x0000000708e00000, 0x0000000708f00000|  0%| F|  |TS  0|AC  0|TAMS 0x0000000708e00000, 0x0000000708e00000|
| 143|0x0000000708f00000, 0x0000000708f00000, 0x0000000709000000|  0%| F|  |TS  0|AC  0|TAMS 0x0000000708f00000, 0x0000000708f00000|
| 144|0x0000000709000000, 0x0000000709000000, 0x0000000709100000|  0%| F|  |TS  0|AC  0|TAMS 0x0000000709000000, 0x0000000709000000|
| 145|0x0000000709100000, 0x0000000709100000, 0x0000000709200000|  0%| F|  |TS  0|AC  0|TAMS 0x0000000709100000, 0x0000000709100000|
| 146|0x0000000709200000, 0x0000000709200000, 0x0000000709300000|  0%| F|  |TS  0|AC  0|TAMS 0x0000000709200000, 0x0000000709200000|
| 147|0x0000000709300000, 0x0000000709300000, 0x0000000709400000|  0%| F|  |TS  0|AC  0|TAMS 0x0000000709300000, 0x0000000709300000|
| 148|0x0000000709400000, 0x0000000709400000, 0x0000000709500000|  0%| F|  |TS  0|AC  0|TAMS 0x0000000709400000, 0x0000000709400000|
| 149|0x0000000709500000, 0x0000000709500000, 0x0000000709600000|  0%| F|  |TS  0|AC  0|TAMS 0x0000000709500000, 0x0000000709500000|
| 150|0x0000000709600000, 0x0000000709600000, 0x0000000709700000|  0%| F|  |TS  0|AC  0|TAMS 0x0000000709600000, 0x0000000709600000|
| 151|0x0000000709700000, 0x0000000709700000, 0x0000000709800000|  0%| F|  |TS  0|AC  0|TAMS 0x0000000709700000, 0x0000000709700000|
| 152|0x0000000709800000, 0x0000000709800000, 0x0000000709900000|  0%| F|  |TS  0|AC  0|TAMS 0x0000000709800000, 0x0000000709800000|
| 153|0x0000000709900000, 0x0000000709900000, 0x0000000709a00000|  0%| F|  |TS  0|AC  0|TAMS 0x0000000709900000, 0x0000000709900000|
| 154|0x0000000709a00000, 0x0000000709a00000, 0x0000000709b00000|  0%| F|  |TS  0|AC  0|TAMS 0x0000000709a00000, 0x0000000709a00000|
| 155|0x0000000709b00000, 0x0000000709b00000, 0x0000000709c00000|  0%| F|  |TS  0|AC  0|TAMS 0x0000000709b00000, 0x0000000709b00000|
| 156|0x0000000709c00000, 0x0000000709c00000, 0x0000000709d00000|  0%| F|  |TS  0|AC  0|TAMS 0x0000000709c00000, 0x0000000709c00000|
| 157|0x0000000709d00000, 0x0000000709d00000, 0x0000000709e00000|  0%| F|  |TS  0|AC  0|TAMS 0x0000000709d00000, 0x0000000709d00000|
| 158|0x0000000709e00000, 0x0000000709e00000, 0x0000000709f00000|  0%| F|  |TS  0|AC  0|TAMS 0x0000000709e00000, 0x0000000709e00000|
| 159|0x0000000709f00000, 0x0000000709f00000, 0x000000070a000000|  0%| F|  |TS  0|AC  0|TAMS 0x0000000709f00000, 0x0000000709f00000|
| 160|0x000000070a000000, 0x000000070a000000, 0x000000070a100000|  0%| F|  |TS  0|AC  0|TAMS 0x000000070a000000, 0x000000070a000000|
| 161|0x000000070a100000, 0x000000070a100000, 0x000000070a200000|  0%| F|  |TS  0|AC  0|TAMS 0x000000070a100000, 0x000000070a100000|
| 162|0x000000070a200000, 0x000000070a200000, 0x000000070a300000|  0%| F|  |TS  0|AC  0|TAMS 0x000000070a200000, 0x000000070a200000|
| 163|0x000000070a300000, 0x000000070a300000, 0x000000070a400000|  0%| F|  |TS  0|AC  0|TAMS 0x000000070a300000, 0x000000070a300000|
| 164|0x000000070a400000, 0x000000070a400000, 0x000000070a500000|  0%| F|  |TS  0|AC  0|TAMS 0x000000070a400000, 0x000000070a400000|
| 165|0x000000070a500000, 0x000000070a500000, 0x000000070a600000|  0%| F|  |TS  0|AC  0|TAMS 0x000000070a500000, 0x000000070a500000|
| 166|0x000000070a600000, 0x000000070a600000, 0x000000070a700000|  0%| F|  |TS  0|AC  0|TAMS 0x000000070a600000, 0x000000070a600000|
| 167|0x000000070a700000, 0x000000070a700000, 0x000000070a800000|  0%| F|  |TS  0|AC  0|TAMS 0x000000070a700000, 0x000000070a700000|
| 168|0x000000070a800000, 0x000000070a800000, 0x000000070a900000|  0%| F|  |TS  0|AC  0|TAMS 0x000000070a800000, 0x000000070a800000|
| 169|0x000000070a900000, 0x000000070a900000, 0x000000070aa00000|  0%| F|  |TS  0|AC  0|TAMS 0x000000070a900000, 0x000000070a900000|
| 170|0x000000070aa00000, 0x000000070aa00000, 0x000000070ab00000|  0%| F|  |TS  0|AC  0|TAMS 0x000000070aa00000, 0x000000070aa00000|
| 171|0x000000070ab00000, 0x000000070ab00000, 0x000000070ac00000|  0%| F|  |TS  0|AC  0|TAMS 0x000000070ab00000, 0x000000070ab00000|
| 172|0x000000070ac00000, 0x000000070ac00000, 0x000000070ad00000|  0%| F|  |TS  0|AC  0|TAMS 0x000000070ac00000, 0x000000070ac00000|
| 173|0x000000070ad00000, 0x000000070ad00000, 0x000000070ae00000|  0%| F|  |TS  0|AC  0|TAMS 0x000000070ad00000, 0x000000070ad00000|
| 174|0x000000070ae00000, 0x000000070ae00000, 0x000000070af00000|  0%| F|  |TS  0|AC  0|TAMS 0x000000070ae00000, 0x000000070ae00000|
| 175|0x000000070af00000, 0x000000070af00000, 0x000000070b000000|  0%| F|  |TS  0|AC  0|TAMS 0x000000070af00000, 0x000000070af00000|
| 176|0x000000070b000000, 0x000000070b000000, 0x000000070b100000|  0%| F|  |TS  0|AC  0|TAMS 0x000000070b000000, 0x000000070b000000|
| 177|0x000000070b100000, 0x000000070b100000, 0x000000070b200000|  0%| F|  |TS  0|AC  0|TAMS 0x000000070b100000, 0x000000070b100000|
| 178|0x000000070b200000, 0x000000070b200000, 0x000000070b300000|  0%| F|  |TS  0|AC  0|TAMS 0x000000070b200000, 0x000000070b200000|
| 179|0x000000070b300000, 0x000000070b300000, 0x000000070b400000|  0%| F|  |TS  0|AC  0|TAMS 0x000000070b300000, 0x000000070b300000|
| 180|0x000000070b400000, 0x000000070b400000, 0x000000070b500000|  0%| F|  |TS  0|AC  0|TAMS 0x000000070b400000, 0x000000070b400000|
| 181|0x000000070b500000, 0x000000070b500000, 0x000000070b600000|  0%| F|  |TS  0|AC  0|TAMS 0x000000070b500000, 0x000000070b500000|
| 182|0x000000070b600000, 0x000000070b600000, 0x000000070b700000|  0%| F|  |TS  0|AC  0|TAMS 0x000000070b600000, 0x000000070b600000|
| 183|0x000000070b700000, 0x000000070b700000, 0x000000070b800000|  0%| F|  |TS  0|AC  0|TAMS 0x000000070b700000, 0x000000070b700000|
| 184|0x000000070b800000, 0x000000070b800000, 0x000000070b900000|  0%| F|  |TS  0|AC  0|TAMS 0x000000070b800000, 0x000000070b800000|
| 185|0x000000070b900000, 0x000000070b900000, 0x000000070ba00000|  0%| F|  |TS  0|AC  0|TAMS 0x000000070b900000, 0x000000070b900000|
| 186|0x000000070ba00000, 0x000000070ba00000, 0x000000070bb00000|  0%| F|  |TS  0|AC  0|TAMS 0x000000070ba00000, 0x000000070ba00000|
| 187|0x000000070bb00000, 0x000000070bb00000, 0x000000070bc00000|  0%| F|  |TS  0|AC  0|TAMS 0x000000070bb00000, 0x000000070bb00000|
| 188|0x000000070bc00000, 0x000000070bc00000, 0x000000070bd00000|  0%| F|  |TS  0|AC  0|TAMS 0x000000070bc00000, 0x000000070bc00000|
| 189|0x000000070bd00000, 0x000000070bd00000, 0x000000070be00000|  0%| F|  |TS  0|AC  0|TAMS 0x000000070bd00000, 0x000000070bd00000|
| 190|0x000000070be00000, 0x000000070be00000, 0x000000070bf00000|  0%| F|  |TS  0|AC  0|TAMS 0x000000070be00000, 0x000000070be00000|
| 191|0x000000070bf00000, 0x000000070bf00000, 0x000000070c000000|  0%| F|  |TS  0|AC  0|TAMS 0x000000070bf00000, 0x000000070bf00000|
| 192|0x000000070c000000, 0x000000070c000000, 0x000000070c100000|  0%| F|  |TS  0|AC  0|TAMS 0x000000070c000000, 0x000000070c000000|
| 193|0x000000070c100000, 0x000000070c100000, 0x000000070c200000|  0%| F|  |TS  0|AC  0|TAMS 0x000000070c100000, 0x000000070c100000|
| 194|0x000000070c200000, 0x000000070c200000, 0x000000070c300000|  0%| F|  |TS  0|AC  0|TAMS 0x000000070c200000, 0x000000070c200000|
| 195|0x000000070c300000, 0x000000070c300000, 0x000000070c400000|  0%| F|  |TS  0|AC  0|TAMS 0x000000070c300000, 0x000000070c300000|
| 196|0x000000070c400000, 0x000000070c400000, 0x000000070c500000|  0%| F|  |TS  0|AC  0|TAMS 0x000000070c400000, 0x000000070c400000|
| 197|0x000000070c500000, 0x000000070c500000, 0x000000070c600000|  0%| F|  |TS  0|AC  0|TAMS 0x000000070c500000, 0x000000070c500000|
| 198|0x000000070c600000, 0x000000070c600000, 0x000000070c700000|  0%| F|  |TS  0|AC  0|TAMS 0x000000070c600000, 0x000000070c600000|
| 199|0x000000070c700000, 0x000000070c700000, 0x000000070c800000|  0%| F|  |TS  0|AC  0|TAMS 0x000000070c700000, 0x000000070c700000|
| 200|0x000000070c800000, 0x000000070c800000, 0x000000070c900000|  0%| F|  |TS  0|AC  0|TAMS 0x000000070c800000, 0x000000070c800000|
| 201|0x000000070c900000, 0x000000070c900000, 0x000000070ca00000|  0%| F|  |TS  0|AC  0|TAMS 0x000000070c900000, 0x000000070c900000|
| 202|0x000000070ca00000, 0x000000070ca00000, 0x000000070cb00000|  0%| F|  |TS  0|AC  0|TAMS 0x000000070ca00000, 0x000000070ca00000|
| 203|0x000000070cb00000, 0x000000070cb00000, 0x000000070cc00000|  0%| F|  |TS  0|AC  0|TAMS 0x000000070cb00000, 0x000000070cb00000|
| 204|0x000000070cc00000, 0x000000070cc00000, 0x000000070cd00000|  0%| F|  |TS  0|AC  0|TAMS 0x000000070cc00000, 0x000000070cc00000|
| 205|0x000000070cd00000, 0x000000070cd00000, 0x000000070ce00000|  0%| F|  |TS  0|AC  0|TAMS 0x000000070cd00000, 0x000000070cd00000|
| 206|0x000000070ce00000, 0x000000070ce00000, 0x000000070cf00000|  0%| F|  |TS  0|AC  0|TAMS 0x000000070ce00000, 0x000000070ce00000|
| 207|0x000000070cf00000, 0x000000070cf00000, 0x000000070d000000|  0%| F|  |TS  0|AC  0|TAMS 0x000000070cf00000, 0x000000070cf00000|
| 208|0x000000070d000000, 0x000000070d000000, 0x000000070d100000|  0%| F|  |TS  0|AC  0|TAMS 0x000000070d000000, 0x000000070d000000|
| 209|0x000000070d100000, 0x000000070d100000, 0x000000070d200000|  0%| F|  |TS  0|AC  0|TAMS 0x000000070d100000, 0x000000070d100000|
| 210|0x000000070d200000, 0x000000070d200000, 0x000000070d300000|  0%| F|  |TS  0|AC  0|TAMS 0x000000070d200000, 0x000000070d200000|
| 211|0x000000070d300000, 0x000000070d300000, 0x000000070d400000|  0%| F|  |TS  0|AC  0|TAMS 0x000000070d300000, 0x000000070d300000|
| 212|0x000000070d400000, 0x000000070d400000, 0x000000070d500000|  0%| F|  |TS  0|AC  0|TAMS 0x000000070d400000, 0x000000070d400000|
| 213|0x000000070d500000, 0x000000070d500000, 0x000000070d600000|  0%| F|  |TS  0|AC  0|TAMS 0x000000070d500000, 0x000000070d500000|
| 214|0x000000070d600000, 0x000000070d600000, 0x000000070d700000|  0%| F|  |TS  0|AC  0|TAMS 0x000000070d600000, 0x000000070d600000|
| 215|0x000000070d700000, 0x000000070d700000, 0x000000070d800000|  0%| F|  |TS  0|AC  0|TAMS 0x000000070d700000, 0x000000070d700000|
| 216|0x000000070d800000, 0x000000070d800000, 0x000000070d900000|  0%| F|  |TS  0|AC  0|TAMS 0x000000070d800000, 0x000000070d800000|
| 217|0x000000070d900000, 0x000000070d900000, 0x000000070da00000|  0%| F|  |TS  0|AC  0|TAMS 0x000000070d900000, 0x000000070d900000|
| 218|0x000000070da00000, 0x000000070da00000, 0x000000070db00000|  0%| F|  |TS  0|AC  0|TAMS 0x000000070da00000, 0x000000070da00000|
| 219|0x000000070db00000, 0x000000070db00000, 0x000000070dc00000|  0%| F|  |TS  0|AC  0|TAMS 0x000000070db00000, 0x000000070db00000|
| 220|0x000000070dc00000, 0x000000070dc00000, 0x000000070dd00000|  0%| F|  |TS  0|AC  0|TAMS 0x000000070dc00000, 0x000000070dc00000|
| 221|0x000000070dd00000, 0x000000070dd00000, 0x000000070de00000|  0%| F|  |TS  0|AC  0|TAMS 0x000000070dd00000, 0x000000070dd00000|
| 222|0x000000070de00000, 0x000000070de00000, 0x000000070df00000|  0%| F|  |TS  0|AC  0|TAMS 0x000000070de00000, 0x000000070de00000|
| 223|0x000000070df00000, 0x000000070df00000, 0x000000070e000000|  0%| F|  |TS  0|AC  0|TAMS 0x000000070df00000, 0x000000070df00000|
| 224|0x000000070e000000, 0x000000070e000000, 0x000000070e100000|  0%| F|  |TS  0|AC  0|TAMS 0x000000070e000000, 0x000000070e000000|
| 225|0x000000070e100000, 0x000000070e100000, 0x000000070e200000|  0%| F|  |TS  0|AC  0|TAMS 0x000000070e100000, 0x000000070e100000|
| 226|0x000000070e200000, 0x000000070e200000, 0x000000070e300000|  0%| F|  |TS  0|AC  0|TAMS 0x000000070e200000, 0x000000070e200000|
| 227|0x000000070e300000, 0x000000070e300000, 0x000000070e400000|  0%| F|  |TS  0|AC  0|TAMS 0x000000070e300000, 0x000000070e300000|
| 228|0x000000070e400000, 0x000000070e400000, 0x000000070e500000|  0%| F|  |TS  0|AC  0|TAMS 0x000000070e400000, 0x000000070e400000|
| 229|0x000000070e500000, 0x000000070e500000, 0x000000070e600000|  0%| F|  |TS  0|AC  0|TAMS 0x000000070e500000, 0x000000070e500000|
| 230|0x000000070e600000, 0x000000070e600000, 0x000000070e700000|  0%| F|  |TS  0|AC  0|TAMS 0x000000070e600000, 0x000000070e600000|
| 231|0x000000070e700000, 0x000000070e700000, 0x000000070e800000|  0%| F|  |TS  0|AC  0|TAMS 0x000000070e700000, 0x000000070e700000|
| 232|0x000000070e800000, 0x000000070e800000, 0x000000070e900000|  0%| F|  |TS  0|AC  0|TAMS 0x000000070e800000, 0x000000070e800000|
| 233|0x000000070e900000, 0x000000070e900000, 0x000000070ea00000|  0%| F|  |TS  0|AC  0|TAMS 0x000000070e900000, 0x000000070e900000|
| 234|0x000000070ea00000, 0x000000070ea00000, 0x000000070eb00000|  0%| F|  |TS  0|AC  0|TAMS 0x000000070ea00000, 0x000000070ea00000|
| 235|0x000000070eb00000, 0x000000070eb00000, 0x000000070ec00000|  0%| F|  |TS  0|AC  0|TAMS 0x000000070eb00000, 0x000000070eb00000|
| 236|0x000000070ec00000, 0x000000070ec00000, 0x000000070ed00000|  0%| F|  |TS  0|AC  0|TAMS 0x000000070ec00000, 0x000000070ec00000|
| 237|0x000000070ed00000, 0x000000070ed00000, 0x000000070ee00000|  0%| F|  |TS  0|AC  0|TAMS 0x000000070ed00000, 0x000000070ed00000|
| 238|0x000000070ee00000, 0x000000070ee00000, 0x000000070ef00000|  0%| F|  |TS  0|AC  0|TAMS 0x000000070ee00000, 0x000000070ee00000|
| 239|0x000000070ef00000, 0x000000070ef00000, 0x000000070f000000|  0%| F|  |TS  0|AC  0|TAMS 0x000000070ef00000, 0x000000070ef00000|
| 240|0x000000070f000000, 0x000000070f000000, 0x000000070f100000|  0%| F|  |TS  0|AC  0|TAMS 0x000000070f000000, 0x000000070f000000|
| 241|0x000000070f100000, 0x000000070f100000, 0x000000070f200000|  0%| F|  |TS  0|AC  0|TAMS 0x000000070f100000, 0x000000070f100000|
| 242|0x000000070f200000, 0x000000070f200000, 0x000000070f300000|  0%| F|  |TS  0|AC  0|TAMS 0x000000070f200000, 0x000000070f200000|
| 243|0x000000070f300000, 0x000000070f300000, 0x000000070f400000|  0%| F|  |TS  0|AC  0|TAMS 0x000000070f300000, 0x000000070f300000|
| 244|0x000000070f400000, 0x000000070f400000, 0x000000070f500000|  0%| F|  |TS  0|AC  0|TAMS 0x000000070f400000, 0x000000070f400000|
| 245|0x000000070f500000, 0x000000070f500000, 0x000000070f600000|  0%| F|  |TS  0|AC  0|TAMS 0x000000070f500000, 0x000000070f500000|
| 246|0x000000070f600000, 0x000000070f600000, 0x000000070f700000|  0%| F|  |TS  0|AC  0|TAMS 0x000000070f600000, 0x000000070f600000|
| 247|0x000000070f700000, 0x000000070f700000, 0x000000070f800000|  0%| F|  |TS  0|AC  0|TAMS 0x000000070f700000, 0x000000070f700000|
| 248|0x000000070f800000, 0x000000070f800000, 0x000000070f900000|  0%| F|  |TS  0|AC  0|TAMS 0x000000070f800000, 0x000000070f800000|
| 249|0x000000070f900000, 0x000000070f900000, 0x000000070fa00000|  0%| F|  |TS  0|AC  0|TAMS 0x000000070f900000, 0x000000070f900000|
| 250|0x000000070fa00000, 0x000000070fa00000, 0x000000070fb00000|  0%| F|  |TS  0|AC  0|TAMS 0x000000070fa00000, 0x000000070fa00000|
| 251|0x000000070fb00000, 0x000000070fb00000, 0x000000070fc00000|  0%| F|  |TS  0|AC  0|TAMS 0x000000070fb00000, 0x000000070fb00000|
| 252|0x000000070fc00000, 0x000000070fc00000, 0x000000070fd00000|  0%| F|  |TS  0|AC  0|TAMS 0x000000070fc00000, 0x000000070fc00000|
| 253|0x000000070fd00000, 0x000000070fd00000, 0x000000070fe00000|  0%| F|  |TS  0|AC  0|TAMS 0x000000070fd00000, 0x000000070fd00000|
| 254|0x000000070fe00000, 0x000000070fe00000, 0x000000070ff00000|  0%| F|  |TS  0|AC  0|TAMS 0x000000070fe00000, 0x000000070fe00000|
| 255|0x000000070ff00000, 0x000000070ff00000, 0x0000000710000000|  0%| F|  |TS  0|AC  0|TAMS 0x000000070ff00000, 0x000000070ff00000|
| 256|0x0000000710000000, 0x0000000710000000, 0x0000000710100000|  0%| F|  |TS  0|AC  0|TAMS 0x0000000710000000, 0x0000000710000000|
| 257|0x0000000710100000, 0x0000000710100000, 0x0000000710200000|  0%| F|  |TS  0|AC  0|TAMS 0x0000000710100000, 0x0000000710100000|
| 258|0x0000000710200000, 0x0000000710200000, 0x0000000710300000|  0%| F|  |TS  0|AC  0|TAMS 0x0000000710200000, 0x0000000710200000|
| 259|0x0000000710300000, 0x0000000710300000, 0x0000000710400000|  0%| F|  |TS  0|AC  0|TAMS 0x0000000710300000, 0x0000000710300000|
| 260|0x0000000710400000, 0x0000000710400000, 0x0000000710500000|  0%| F|  |TS  0|AC  0|TAMS 0x0000000710400000, 0x0000000710400000|
| 261|0x0000000710500000, 0x0000000710500000, 0x0000000710600000|  0%| F|  |TS  0|AC  0|TAMS 0x0000000710500000, 0x0000000710500000|
| 262|0x0000000710600000, 0x0000000710600000, 0x0000000710700000|  0%| F|  |TS  0|AC  0|TAMS 0x0000000710600000, 0x0000000710600000|
| 263|0x0000000710700000, 0x0000000710700000, 0x0000000710800000|  0%| F|  |TS  0|AC  0|TAMS 0x0000000710700000, 0x0000000710700000|
| 264|0x0000000710800000, 0x0000000710800000, 0x0000000710900000|  0%| F|  |TS  0|AC  0|TAMS 0x0000000710800000, 0x0000000710800000|
| 265|0x0000000710900000, 0x0000000710900000, 0x0000000710a00000|  0%| F|  |TS  0|AC  0|TAMS 0x0000000710900000, 0x0000000710900000|
| 266|0x0000000710a00000, 0x0000000710a00000, 0x0000000710b00000|  0%| F|  |TS  0|AC  0|TAMS 0x0000000710a00000, 0x0000000710a00000|
| 267|0x0000000710b00000, 0x0000000710b00000, 0x0000000710c00000|  0%| F|  |TS  0|AC  0|TAMS 0x0000000710b00000, 0x0000000710b00000|
| 268|0x0000000710c00000, 0x0000000710c00000, 0x0000000710d00000|  0%| F|  |TS  0|AC  0|TAMS 0x0000000710c00000, 0x0000000710c00000|
| 269|0x0000000710d00000, 0x0000000710d00000, 0x0000000710e00000|  0%| F|  |TS  0|AC  0|TAMS 0x0000000710d00000, 0x0000000710d00000|
| 270|0x0000000710e00000, 0x0000000710e00000, 0x0000000710f00000|  0%| F|  |TS  0|AC  0|TAMS 0x0000000710e00000, 0x0000000710e00000|
| 271|0x0000000710f00000, 0x0000000710f00000, 0x0000000711000000|  0%| F|  |TS  0|AC  0|TAMS 0x0000000710f00000, 0x0000000710f00000|
| 272|0x0000000711000000, 0x0000000711000000, 0x0000000711100000|  0%| F|  |TS  0|AC  0|TAMS 0x0000000711000000, 0x0000000711000000|
| 273|0x0000000711100000, 0x0000000711100000, 0x0000000711200000|  0%| F|  |TS  0|AC  0|TAMS 0x0000000711100000, 0x0000000711100000|
| 274|0x0000000711200000, 0x0000000711200000, 0x0000000711300000|  0%| F|  |TS  0|AC  0|TAMS 0x0000000711200000, 0x0000000711200000|
| 275|0x0000000711300000, 0x0000000711300000, 0x0000000711400000|  0%| F|  |TS  0|AC  0|TAMS 0x0000000711300000, 0x0000000711300000|
| 276|0x0000000711400000, 0x0000000711400000, 0x0000000711500000|  0%| F|  |TS  0|AC  0|TAMS 0x0000000711400000, 0x0000000711400000|
| 277|0x0000000711500000, 0x0000000711500000, 0x0000000711600000|  0%| F|  |TS  0|AC  0|TAMS 0x0000000711500000, 0x0000000711500000|
| 278|0x0000000711600000, 0x0000000711600000, 0x0000000711700000|  0%| F|  |TS  0|AC  0|TAMS 0x0000000711600000, 0x0000000711600000|
| 279|0x0000000711700000, 0x0000000711700000, 0x0000000711800000|  0%| F|  |TS  0|AC  0|TAMS 0x0000000711700000, 0x0000000711700000|
| 280|0x0000000711800000, 0x0000000711800000, 0x0000000711900000|  0%| F|  |TS  0|AC  0|TAMS 0x0000000711800000, 0x0000000711800000|
| 281|0x0000000711900000, 0x0000000711900000, 0x0000000711a00000|  0%| F|  |TS  0|AC  0|TAMS 0x0000000711900000, 0x0000000711900000|
| 282|0x0000000711a00000, 0x0000000711a00000, 0x0000000711b00000|  0%| F|  |TS  0|AC  0|TAMS 0x0000000711a00000, 0x0000000711a00000|
| 283|0x0000000711b00000, 0x0000000711b00000, 0x0000000711c00000|  0%| F|  |TS  0|AC  0|TAMS 0x0000000711b00000, 0x0000000711b00000|
| 284|0x0000000711c00000, 0x0000000711c00000, 0x0000000711d00000|  0%| F|  |TS  0|AC  0|TAMS 0x0000000711c00000, 0x0000000711c00000|
| 285|0x0000000711d00000, 0x0000000711d00000, 0x0000000711e00000|  0%| F|  |TS  0|AC  0|TAMS 0x0000000711d00000, 0x0000000711d00000|
| 286|0x0000000711e00000, 0x0000000711e00000, 0x0000000711f00000|  0%| F|  |TS  0|AC  0|TAMS 0x0000000711e00000, 0x0000000711e00000|
| 287|0x0000000711f00000, 0x0000000711f00000, 0x0000000712000000|  0%| F|  |TS  0|AC  0|TAMS 0x0000000711f00000, 0x0000000711f00000|
| 288|0x0000000712000000, 0x0000000712000000, 0x0000000712100000|  0%| F|  |TS  0|AC  0|TAMS 0x0000000712000000, 0x0000000712000000|
| 289|0x0000000712100000, 0x0000000712100000, 0x0000000712200000|  0%| F|  |TS  0|AC  0|TAMS 0x0000000712100000, 0x0000000712100000|
| 290|0x0000000712200000, 0x0000000712200000, 0x0000000712300000|  0%| F|  |TS  0|AC  0|TAMS 0x0000000712200000, 0x0000000712200000|
| 291|0x0000000712300000, 0x0000000712300000, 0x0000000712400000|  0%| F|  |TS  0|AC  0|TAMS 0x0000000712300000, 0x0000000712300000|
| 292|0x0000000712400000, 0x0000000712400000, 0x0000000712500000|  0%| F|  |TS  0|AC  0|TAMS 0x0000000712400000, 0x0000000712400000|
| 293|0x0000000712500000, 0x0000000712500000, 0x0000000712600000|  0%| F|  |TS  0|AC  0|TAMS 0x0000000712500000, 0x0000000712500000|
| 294|0x0000000712600000, 0x0000000712600000, 0x0000000712700000|  0%| F|  |TS  0|AC  0|TAMS 0x0000000712600000, 0x0000000712600000|
| 295|0x0000000712700000, 0x0000000712700000, 0x0000000712800000|  0%| F|  |TS  0|AC  0|TAMS 0x0000000712700000, 0x0000000712700000|
| 296|0x0000000712800000, 0x0000000712800000, 0x0000000712900000|  0%| F|  |TS  0|AC  0|TAMS 0x0000000712800000, 0x0000000712800000|
| 297|0x0000000712900000, 0x0000000712900000, 0x0000000712a00000|  0%| F|  |TS  0|AC  0|TAMS 0x0000000712900000, 0x0000000712900000|
| 298|0x0000000712a00000, 0x0000000712a00000, 0x0000000712b00000|  0%| F|  |TS  0|AC  0|TAMS 0x0000000712a00000, 0x0000000712a00000|
| 299|0x0000000712b00000, 0x0000000712b00000, 0x0000000712c00000|  0%| F|  |TS  0|AC  0|TAMS 0x0000000712b00000, 0x0000000712b00000|
| 300|0x0000000712c00000, 0x0000000712c00000, 0x0000000712d00000|  0%| F|  |TS  0|AC  0|TAMS 0x0000000712c00000, 0x0000000712c00000|
| 301|0x0000000712d00000, 0x0000000712d00000, 0x0000000712e00000|  0%| F|  |TS  0|AC  0|TAMS 0x0000000712d00000, 0x0000000712d00000|
| 302|0x0000000712e00000, 0x0000000712e00000, 0x0000000712f00000|  0%| F|  |TS  0|AC  0|TAMS 0x0000000712e00000, 0x0000000712e00000|
| 303|0x0000000712f00000, 0x0000000712f00000, 0x0000000713000000|  0%| F|  |TS  0|AC  0|TAMS 0x0000000712f00000, 0x0000000712f00000|
| 304|0x0000000713000000, 0x0000000713000000, 0x0000000713100000|  0%| F|  |TS  0|AC  0|TAMS 0x0000000713000000, 0x0000000713000000|
| 305|0x0000000713100000, 0x0000000713100000, 0x0000000713200000|  0%| F|  |TS  0|AC  0|TAMS 0x0000000713100000, 0x0000000713100000|
| 306|0x0000000713200000, 0x0000000713200000, 0x0000000713300000|  0%| F|  |TS  0|AC  0|TAMS 0x0000000713200000, 0x0000000713200000|
| 307|0x0000000713300000, 0x0000000713300000, 0x0000000713400000|  0%| F|  |TS  0|AC  0|TAMS 0x0000000713300000, 0x0000000713300000|
| 308|0x0000000713400000, 0x0000000713400000, 0x0000000713500000|  0%| F|  |TS  0|AC  0|TAMS 0x0000000713400000, 0x0000000713400000|
| 309|0x0000000713500000, 0x0000000713500000, 0x0000000713600000|  0%| F|  |TS  0|AC  0|TAMS 0x0000000713500000, 0x0000000713500000|
| 310|0x0000000713600000, 0x0000000713600000, 0x0000000713700000|  0%| F|  |TS  0|AC  0|TAMS 0x0000000713600000, 0x0000000713600000|
| 311|0x0000000713700000, 0x0000000713700000, 0x0000000713800000|  0%| F|  |TS135|AC  0|TAMS 0x0000000713700000, 0x0000000713700000|
| 312|0x0000000713800000, 0x0000000713800000, 0x0000000713900000|  0%| F|  |TS135|AC  0|TAMS 0x0000000713800000, 0x0000000713800000|
| 313|0x0000000713900000, 0x0000000713900000, 0x0000000713a00000|  0%| F|  |TS135|AC  0|TAMS 0x0000000713900000, 0x0000000713900000|
| 314|0x0000000713a00000, 0x0000000713a00000, 0x0000000713b00000|  0%| F|  |TS135|AC  0|TAMS 0x0000000713a00000, 0x0000000713a00000|
| 315|0x0000000713b00000, 0x0000000713b00000, 0x0000000713c00000|  0%| F|  |TS135|AC  0|TAMS 0x0000000713b00000, 0x0000000713b00000|
| 316|0x0000000713c00000, 0x0000000713ca56f0, 0x0000000713d00000| 64%| S|CS|TS135|AC  0|TAMS 0x0000000713c00000, 0x0000000713c00000|
| 317|0x0000000713d00000, 0x0000000713e00000, 0x0000000713e00000|100%| S|CS|TS135|AC  0|TAMS 0x0000000713d00000, 0x0000000713d00000|
| 318|0x0000000713e00000, 0x0000000713f00000, 0x0000000713f00000|100%| S|CS|TS135|AC  0|TAMS 0x0000000713e00000, 0x0000000713e00000|
| 319|0x0000000713f00000, 0x0000000714000000, 0x0000000714000000|100%| S|CS|TS135|AC  0|TAMS 0x0000000713f00000, 0x0000000713f00000|
| 320|0x0000000714000000, 0x0000000714100000, 0x0000000714100000|100%| S|CS|TS135|AC  0|TAMS 0x0000000714000000, 0x0000000714000000|
| 321|0x0000000714100000, 0x0000000714100000, 0x0000000714200000|  0%| F|  |TS135|AC  0|TAMS 0x0000000714100000, 0x0000000714100000|
| 322|0x0000000714200000, 0x0000000714200000, 0x0000000714300000|  0%| F|  |TS135|AC  0|TAMS 0x0000000714200000, 0x0000000714200000|
| 323|0x0000000714300000, 0x0000000714300000, 0x0000000714400000|  0%| F|  |TS135|AC  0|TAMS 0x0000000714300000, 0x0000000714300000|
| 324|0x0000000714400000, 0x0000000714400000, 0x0000000714500000|  0%| F|  |TS135|AC  0|TAMS 0x0000000714400000, 0x0000000714400000|
| 325|0x0000000714500000, 0x0000000714500000, 0x0000000714600000|  0%| F|  |TS135|AC  0|TAMS 0x0000000714500000, 0x0000000714500000|
| 326|0x0000000714600000, 0x0000000714600000, 0x0000000714700000|  0%| F|  |TS135|AC  0|TAMS 0x0000000714600000, 0x0000000714600000|
| 327|0x0000000714700000, 0x0000000714700000, 0x0000000714800000|  0%| F|  |TS135|AC  0|TAMS 0x0000000714700000, 0x0000000714700000|
| 328|0x0000000714800000, 0x0000000714800000, 0x0000000714900000|  0%| F|  |TS135|AC  0|TAMS 0x0000000714800000, 0x0000000714800000|
| 329|0x0000000714900000, 0x0000000714900000, 0x0000000714a00000|  0%| F|  |TS135|AC  0|TAMS 0x0000000714900000, 0x0000000714900000|
| 330|0x0000000714a00000, 0x0000000714a00000, 0x0000000714b00000|  0%| F|  |TS135|AC  0|TAMS 0x0000000714a00000, 0x0000000714a00000|
| 331|0x0000000714b00000, 0x0000000714b00000, 0x0000000714c00000|  0%| F|  |TS135|AC  0|TAMS 0x0000000714b00000, 0x0000000714b00000|
| 332|0x0000000714c00000, 0x0000000714c00000, 0x0000000714d00000|  0%| F|  |TS135|AC  0|TAMS 0x0000000714c00000, 0x0000000714c00000|
| 333|0x0000000714d00000, 0x0000000714d00000, 0x0000000714e00000|  0%| F|  |TS135|AC  0|TAMS 0x0000000714d00000, 0x0000000714d00000|
| 334|0x0000000714e00000, 0x0000000714e00000, 0x0000000714f00000|  0%| F|  |TS135|AC  0|TAMS 0x0000000714e00000, 0x0000000714e00000|
| 335|0x0000000714f00000, 0x0000000714f00000, 0x0000000715000000|  0%| F|  |TS135|AC  0|TAMS 0x0000000714f00000, 0x0000000714f00000|
| 336|0x0000000715000000, 0x0000000715000000, 0x0000000715100000|  0%| F|  |TS135|AC  0|TAMS 0x0000000715000000, 0x0000000715000000|
| 337|0x0000000715100000, 0x0000000715100000, 0x0000000715200000|  0%| F|  |TS135|AC  0|TAMS 0x0000000715100000, 0x0000000715100000|
| 338|0x0000000715200000, 0x0000000715200000, 0x0000000715300000|  0%| F|  |TS135|AC  0|TAMS 0x0000000715200000, 0x0000000715200000|
| 339|0x0000000715300000, 0x0000000715300000, 0x0000000715400000|  0%| F|  |TS135|AC  0|TAMS 0x0000000715300000, 0x0000000715300000|
| 340|0x0000000715400000, 0x0000000715400000, 0x0000000715500000|  0%| F|  |TS135|AC  0|TAMS 0x0000000715400000, 0x0000000715400000|
| 341|0x0000000715500000, 0x0000000715500000, 0x0000000715600000|  0%| F|  |TS135|AC  0|TAMS 0x0000000715500000, 0x0000000715500000|
| 342|0x0000000715600000, 0x0000000715600000, 0x0000000715700000|  0%| F|  |TS135|AC  0|TAMS 0x0000000715600000, 0x0000000715600000|
| 343|0x0000000715700000, 0x0000000715700000, 0x0000000715800000|  0%| F|  |TS135|AC  0|TAMS 0x0000000715700000, 0x0000000715700000|
| 344|0x0000000715800000, 0x0000000715800000, 0x0000000715900000|  0%| F|  |TS135|AC  0|TAMS 0x0000000715800000, 0x0000000715800000|
| 345|0x0000000715900000, 0x0000000715900000, 0x0000000715a00000|  0%| F|  |TS135|AC  0|TAMS 0x0000000715900000, 0x0000000715900000|
| 346|0x0000000715a00000, 0x0000000715a00000, 0x0000000715b00000|  0%| F|  |TS135|AC  0|TAMS 0x0000000715a00000, 0x0000000715a00000|
| 347|0x0000000715b00000, 0x0000000715b00000, 0x0000000715c00000|  0%| F|  |TS135|AC  0|TAMS 0x0000000715b00000, 0x0000000715b00000|
| 348|0x0000000715c00000, 0x0000000715c00000, 0x0000000715d00000|  0%| F|  |TS135|AC  0|TAMS 0x0000000715c00000, 0x0000000715c00000|
| 349|0x0000000715d00000, 0x0000000715d00000, 0x0000000715e00000|  0%| F|  |TS135|AC  0|TAMS 0x0000000715d00000, 0x0000000715d00000|
| 350|0x0000000715e00000, 0x0000000715e00000, 0x0000000715f00000|  0%| F|  |TS135|AC  0|TAMS 0x0000000715e00000, 0x0000000715e00000|
| 351|0x0000000715f00000, 0x0000000715f00000, 0x0000000716000000|  0%| F|  |TS135|AC  0|TAMS 0x0000000715f00000, 0x0000000715f00000|
| 352|0x0000000716000000, 0x0000000716000000, 0x0000000716100000|  0%| F|  |TS135|AC  0|TAMS 0x0000000716000000, 0x0000000716000000|
| 353|0x0000000716100000, 0x0000000716100000, 0x0000000716200000|  0%| F|  |TS135|AC  0|TAMS 0x0000000716100000, 0x0000000716100000|
| 354|0x0000000716200000, 0x0000000716200000, 0x0000000716300000|  0%| F|  |TS135|AC  0|TAMS 0x0000000716200000, 0x0000000716200000|
| 355|0x0000000716300000, 0x0000000716300000, 0x0000000716400000|  0%| F|  |TS135|AC  0|TAMS 0x0000000716300000, 0x0000000716300000|
| 356|0x0000000716400000, 0x0000000716400000, 0x0000000716500000|  0%| F|  |TS135|AC  0|TAMS 0x0000000716400000, 0x0000000716400000|
| 357|0x0000000716500000, 0x0000000716500000, 0x0000000716600000|  0%| F|  |TS135|AC  0|TAMS 0x0000000716500000, 0x0000000716500000|
| 358|0x0000000716600000, 0x0000000716600000, 0x0000000716700000|  0%| F|  |TS135|AC  0|TAMS 0x0000000716600000, 0x0000000716600000|
| 359|0x0000000716700000, 0x0000000716700000, 0x0000000716800000|  0%| F|  |TS135|AC  0|TAMS 0x0000000716700000, 0x0000000716700000|
| 360|0x0000000716800000, 0x0000000716800000, 0x0000000716900000|  0%| F|  |TS135|AC  0|TAMS 0x0000000716800000, 0x0000000716800000|
| 361|0x0000000716900000, 0x0000000716900000, 0x0000000716a00000|  0%| F|  |TS135|AC  0|TAMS 0x0000000716900000, 0x0000000716900000|
| 362|0x0000000716a00000, 0x0000000716a00000, 0x0000000716b00000|  0%| F|  |TS135|AC  0|TAMS 0x0000000716a00000, 0x0000000716a00000|
| 363|0x0000000716b00000, 0x0000000716b00000, 0x0000000716c00000|  0%| F|  |TS135|AC  0|TAMS 0x0000000716b00000, 0x0000000716b00000|
| 364|0x0000000716c00000, 0x0000000716c00000, 0x0000000716d00000|  0%| F|  |TS135|AC  0|TAMS 0x0000000716c00000, 0x0000000716c00000|
| 365|0x0000000716d00000, 0x0000000716d8f170, 0x0000000716e00000| 55%| E|  |TS135|AC  0|TAMS 0x0000000716d00000, 0x0000000716d00000|
| 366|0x0000000716e00000, 0x0000000716f00000, 0x0000000716f00000|100%| E|CS|TS135|AC  0|TAMS 0x0000000716e00000, 0x0000000716e00000|
| 367|0x0000000716f00000, 0x0000000717000000, 0x0000000717000000|100%| E|CS|TS135|AC  0|TAMS 0x0000000716f00000, 0x0000000716f00000|
| 368|0x0000000717000000, 0x0000000717100000, 0x0000000717100000|100%| E|CS|TS135|AC  0|TAMS 0x0000000717000000, 0x0000000717000000|
| 369|0x0000000717100000, 0x0000000717200000, 0x0000000717200000|100%| E|CS|TS135|AC  0|TAMS 0x0000000717100000, 0x0000000717100000|
| 370|0x0000000717200000, 0x0000000717300000, 0x0000000717300000|100%| E|CS|TS135|AC  0|TAMS 0x0000000717200000, 0x0000000717200000|
| 371|0x0000000717300000, 0x0000000717400000, 0x0000000717400000|100%| E|CS|TS135|AC  0|TAMS 0x0000000717300000, 0x0000000717300000|
| 372|0x0000000717400000, 0x0000000717500000, 0x0000000717500000|100%| E|CS|TS135|AC  0|TAMS 0x0000000717400000, 0x0000000717400000|
| 373|0x0000000717500000, 0x0000000717600000, 0x0000000717600000|100%| E|CS|TS135|AC  0|TAMS 0x0000000717500000, 0x0000000717500000|
| 374|0x0000000717600000, 0x0000000717700000, 0x0000000717700000|100%| E|CS|TS135|AC  0|TAMS 0x0000000717600000, 0x0000000717600000|
| 375|0x0000000717700000, 0x0000000717800000, 0x0000000717800000|100%| E|CS|TS135|AC  0|TAMS 0x0000000717700000, 0x0000000717700000|

Card table byte_map: [0x0000027a50860000,0x0000027a50e60000] byte_map_base: 0x0000027a4d060000

Marking Bits (Prev, Next): (CMBitMap*) 0x0000027a4eeb8a30, (CMBitMap*) 0x0000027a4eeb8a68
 Prev Bits: [0x0000027a680c0000, 0x0000027a6b0c0000)
 Next Bits: [0x0000027a6b0c0000, 0x0000027a6e0c0000)

Polling page: 0x0000027a477a0000

CodeHeap 'non-profiled nmethods': size=120000Kb used=29891Kb max_used=29891Kb free=90108Kb
 bounds [0x0000027a60b90000, 0x0000027a628d0000, 0x0000027a680c0000]
CodeHeap 'profiled nmethods': size=120000Kb used=35850Kb max_used=46398Kb free=84149Kb
 bounds [0x0000027a59660000, 0x0000027a5c510000, 0x0000027a60b90000]
CodeHeap 'non-nmethods': size=5760Kb used=1906Kb max_used=1956Kb free=3853Kb
 bounds [0x0000027a590c0000, 0x0000027a59330000, 0x0000027a59660000]
 total_blobs=41209 nmethods=18765 adapters=1302
 compilation: enabled

Compilation events (10 events):
Event: 169174.757 Thread 0x0000027a4effb000 26716       4       javax.swing.text.BoxView::getOffset (24 bytes)
Event: 169174.757 Thread 0x0000027a4eff8000 26717       4       javax.swing.text.BoxView::getSpan (24 bytes)
Event: 169174.758 Thread 0x0000027a4effb000 nmethod 26716 0x0000027a628c5a90 code [0x0000027a628c5c20, 0x0000027a628c5cd8]
Event: 169174.758 Thread 0x0000027a4eff8000 nmethod 26717 0x0000027a628c5d90 code [0x0000027a628c5f20, 0x0000027a628c5fd8]
Event: 169174.810 Thread 0x0000027a4eff4000 26718       3       javax.swing.text.BoxView::isAllocationValid (20 bytes)
Event: 169174.810 Thread 0x0000027a4eff4000 nmethod 26718 0x0000027a59981390 code [0x0000027a59981540, 0x0000027a59981738]
Event: 169174.858 Thread 0x0000027a4eff4000 26719       3       javax.swing.text.BoxView::childAllocation (51 bytes)
Event: 169174.859 Thread 0x0000027a4eff4000 nmethod 26719 0x0000027a59e10e10 code [0x0000027a59e11000, 0x0000027a59e116d8]
Event: 169175.923 Thread 0x0000027a4eff4000 26720       3       java.lang.invoke.MethodHandles$Lookup::findStatic (27 bytes)
Event: 169175.923 Thread 0x0000027a4eff4000 nmethod 26720 0x0000027a59980c90 code [0x0000027a59980e60, 0x0000027a59981210]

GC Heap History (10 events):
Event: 169025.515 GC heap before
{Heap before GC invocations=21105 (full 146):
 garbage-first heap   total 385024K, used 179169K [0x0000000700000000, 0x0000000700100bc0, 0x00000007c0000000)
  region size 1024K, 60 young (61440K), 5 survivors (5120K)
 Metaspace       used 91544K, capacity 93267K, committed 101628K, reserved 1136640K
  class space    used 12435K, capacity 12824K, committed 14588K, reserved 1048576K
}
Event: 169025.519 GC heap after
{Heap after GC invocations=21106 (full 146):
 garbage-first heap   total 385024K, used 123004K [0x0000000700000000, 0x0000000700100bc0, 0x00000007c0000000)
  region size 1024K, 5 young (5120K), 5 survivors (5120K)
 Metaspace       used 91544K, capacity 93267K, committed 101628K, reserved 1136640K
  class space    used 12435K, capacity 12824K, committed 14588K, reserved 1048576K
}
Event: 169036.252 GC heap before
{Heap before GC invocations=21106 (full 146):
 garbage-first heap   total 385024K, used 179324K [0x0000000700000000, 0x0000000700100bc0, 0x00000007c0000000)
  region size 1024K, 60 young (61440K), 5 survivors (5120K)
 Metaspace       used 91544K, capacity 93267K, committed 101628K, reserved 1136640K
  class space    used 12435K, capacity 12824K, committed 14588K, reserved 1048576K
}
Event: 169036.257 GC heap after
{Heap after GC invocations=21107 (full 146):
 garbage-first heap   total 385024K, used 122826K [0x0000000700000000, 0x0000000700100bc0, 0x00000007c0000000)
  region size 1024K, 5 young (5120K), 5 survivors (5120K)
 Metaspace       used 91544K, capacity 93267K, committed 101628K, reserved 1136640K
  class space    used 12435K, capacity 12824K, committed 14588K, reserved 1048576K
}
Event: 169043.660 GC heap before
{Heap before GC invocations=21107 (full 146):
 garbage-first heap   total 385024K, used 179146K [0x0000000700000000, 0x0000000700100bc0, 0x00000007c0000000)
  region size 1024K, 60 young (61440K), 5 survivors (5120K)
 Metaspace       used 91544K, capacity 93267K, committed 101628K, reserved 1136640K
  class space    used 12435K, capacity 12824K, committed 14588K, reserved 1048576K
}
Event: 169043.665 GC heap after
{Heap after GC invocations=21108 (full 146):
 garbage-first heap   total 385024K, used 122567K [0x0000000700000000, 0x0000000700100bc0, 0x00000007c0000000)
  region size 1024K, 4 young (4096K), 4 survivors (4096K)
 Metaspace       used 91544K, capacity 93267K, committed 101628K, reserved 1136640K
  class space    used 12435K, capacity 12824K, committed 14588K, reserved 1048576K
}
Event: 169069.385 GC heap before
{Heap before GC invocations=21108 (full 146):
 garbage-first heap   total 385024K, used 179911K [0x0000000700000000, 0x0000000700100bc0, 0x00000007c0000000)
  region size 1024K, 60 young (61440K), 4 survivors (4096K)
 Metaspace       used 91544K, capacity 93267K, committed 101628K, reserved 1136640K
  class space    used 12435K, capacity 12824K, committed 14588K, reserved 1048576K
}
Event: 169069.389 GC heap after
{Heap after GC invocations=21109 (full 146):
 garbage-first heap   total 385024K, used 122840K [0x0000000700000000, 0x0000000700100bc0, 0x00000007c0000000)
  region size 1024K, 5 young (5120K), 5 survivors (5120K)
 Metaspace       used 91544K, capacity 93267K, committed 101628K, reserved 1136640K
  class space    used 12435K, capacity 12824K, committed 14588K, reserved 1048576K
}
Event: 169173.991 GC heap before
{Heap before GC invocations=21109 (full 146):
 garbage-first heap   total 385024K, used 179160K [0x0000000700000000, 0x0000000700100bc0, 0x00000007c0000000)
  region size 1024K, 60 young (61440K), 5 survivors (5120K)
 Metaspace       used 91767K, capacity 93639K, committed 101884K, reserved 1136640K
  class space    used 12494K, capacity 12878K, committed 14588K, reserved 1048576K
}
Event: 169173.996 GC heap after
{Heap after GC invocations=21110 (full 146):
 garbage-first heap   total 385024K, used 123453K [0x0000000700000000, 0x0000000700100bc0, 0x00000007c0000000)
  region size 1024K, 5 young (5120K), 5 survivors (5120K)
 Metaspace       used 91767K, capacity 93639K, committed 101884K, reserved 1136640K
  class space    used 12494K, capacity 12878K, committed 14588K, reserved 1048576K
}

Deoptimization events (10 events):
Event: 169173.977 Thread 0x0000027a7250a800 Uncommon trap: reason=bimorphic_or_optimized_type_check action=maybe_recompile pc=0x0000027a618fee60 method=javax.swing.text.FlowView$FlowStrategy.layoutRow(Ljavax/swing/text/FlowView;II)I @ 137 c2
Event: 169173.977 Thread 0x0000027a7250a800 Uncommon trap: reason=bimorphic_or_optimized_type_check action=maybe_recompile pc=0x0000027a618fee60 method=javax.swing.text.FlowView$FlowStrategy.layoutRow(Ljavax/swing/text/FlowView;II)I @ 137 c2
Event: 169173.981 Thread 0x0000027a7250a800 Uncommon trap: reason=unstable_if action=reinterpret pc=0x0000027a617e2f88 method=javax.swing.plaf.synth.SynthGraphicsUtils.paintIcon(Ljavax/swing/Icon;Ljavax/swing/plaf/synth/SynthContext;Ljava/awt/Graphics;IIII)V @ 4 c2
Event: 169173.982 Thread 0x0000027a7250a800 Uncommon trap: reason=speculate_class_check action=maybe_recompile pc=0x0000027a62337858 method=javax.swing.text.GlyphView.paint(Ljava/awt/Graphics;Ljava/awt/Shape;)V @ 47 c2
Event: 169173.982 Thread 0x0000027a7250a800 Uncommon trap: reason=speculate_class_check action=maybe_recompile pc=0x0000027a62337858 method=javax.swing.text.GlyphView.paint(Ljava/awt/Graphics;Ljava/awt/Shape;)V @ 47 c2
Event: 169174.041 Thread 0x0000027a7250a800 Uncommon trap: reason=speculate_class_check action=maybe_recompile pc=0x0000027a62337858 method=javax.swing.text.GlyphView.paint(Ljava/awt/Graphics;Ljava/awt/Shape;)V @ 47 c2
Event: 169174.041 Thread 0x0000027a7250a800 Uncommon trap: reason=speculate_class_check action=maybe_recompile pc=0x0000027a62337858 method=javax.swing.text.GlyphView.paint(Ljava/awt/Graphics;Ljava/awt/Shape;)V @ 47 c2
Event: 169175.568 Thread 0x0000027a7250a800 Uncommon trap: reason=unstable_if action=reinterpret pc=0x0000027a622893a0 method=ui.utils.o.A.eHy()Z @ 9 c2
Event: 169175.929 Thread 0x0000027a7250a800 Uncommon trap: reason=speculate_class_check action=maybe_recompile pc=0x0000027a626cb458 method=java.awt.Component.dispatchEvent(Ljava/awt/AWTEvent;)V @ 2 c2
Event: 169175.949 Thread 0x0000027a7250a800 Uncommon trap: reason=speculate_class_check action=maybe_recompile pc=0x0000027a626cb458 method=java.awt.Component.dispatchEvent(Ljava/awt/AWTEvent;)V @ 2 c2

Classes redefined (0 events):
No events

Internal exceptions (10 events):
Event: 102304.007 Thread 0x0000027a7250a800 Exception <a 'sun/nio/fs/WindowsException'{0x000000071bc256d0}> (0x000000071bc256d0) thrown at [t:/workspace/hotspot/src/share/vm/prims/jni.cpp, line 604]
Event: 141118.391 Thread 0x0000027a7250a800 Exception <a 'sun/nio/fs/WindowsException'{0x0000000715255e30}> (0x0000000715255e30) thrown at [t:/workspace/hotspot/src/share/vm/prims/jni.cpp, line 604]
Event: 141118.392 Thread 0x0000027a7250a800 Exception <a 'sun/nio/fs/WindowsException'{0x0000000715256050}> (0x0000000715256050) thrown at [t:/workspace/hotspot/src/share/vm/prims/jni.cpp, line 604]
Event: 141135.938 Thread 0x0000027a7250a800 Exception <a 'sun/nio/fs/WindowsException'{0x000000071907b188}> (0x000000071907b188) thrown at [t:/workspace/hotspot/src/share/vm/prims/jni.cpp, line 604]
Event: 141135.938 Thread 0x0000027a7250a800 Exception <a 'sun/nio/fs/WindowsException'{0x000000071907b3a8}> (0x000000071907b3a8) thrown at [t:/workspace/hotspot/src/share/vm/prims/jni.cpp, line 604]
Event: 155968.453 Thread 0x0000027a7250a800 Exception <a 'sun/nio/fs/WindowsException'{0x0000000715597030}> (0x0000000715597030) thrown at [t:/workspace/hotspot/src/share/vm/prims/jni.cpp, line 604]
Event: 155968.453 Thread 0x0000027a7250a800 Exception <a 'sun/nio/fs/WindowsException'{0x0000000715597250}> (0x0000000715597250) thrown at [t:/workspace/hotspot/src/share/vm/prims/jni.cpp, line 604]
Event: 162534.189 Thread 0x0000027a7250a800 Implicit null exception at 0x0000027a61e1c2ff to 0x0000027a61e1c971
Event: 169173.746 Thread 0x0000027a7250a800 Implicit null exception at 0x0000027a61def644 to 0x0000027a61df06b5
Event: 169173.747 Thread 0x0000027a7250a800 Implicit null exception at 0x0000027a625c3d6f to 0x0000027a625c4045

Events (10 events):
Event: 169174.255 Thread 0x0000027a0f7da000 Thread exited: 0x0000027a0f7da000
Event: 169175.568 Thread 0x0000027a7250a800 Uncommon trap: trap_request=0xffffff5d fr.pc=0x0000027a622893a0 relative=0x00000000000011a0
Event: 169175.568 Thread 0x0000027a7250a800 DEOPT PACKING pc=0x0000027a622893a0 sp=0x000000fa69ef7fc0
Event: 169175.568 Thread 0x0000027a7250a800 DEOPT UNPACKING pc=0x0000027a5910df29 sp=0x000000fa69ef7f58 mode 2
Event: 169175.929 Thread 0x0000027a7250a800 Uncommon trap: trap_request=0xffffff76 fr.pc=0x0000027a626cb458 relative=0x0000000000002a38
Event: 169175.929 Thread 0x0000027a7250a800 DEOPT PACKING pc=0x0000027a626cb458 sp=0x000000fa69efb030
Event: 169175.949 Thread 0x0000027a7250a800 DEOPT UNPACKING pc=0x0000027a5910df29 sp=0x000000fa69efaf90 mode 2
Event: 169175.949 Thread 0x0000027a7250a800 Uncommon trap: trap_request=0xffffff76 fr.pc=0x0000027a626cb458 relative=0x0000000000002a38
Event: 169175.949 Thread 0x0000027a7250a800 DEOPT PACKING pc=0x0000027a626cb458 sp=0x000000fa69efb260
Event: 169175.949 Thread 0x0000027a7250a800 DEOPT UNPACKING pc=0x0000027a5910df29 sp=0x000000fa69efb1c0 mode 2


Dynamic libraries:
0x00007ff7fb600000 - 0x00007ff7fb630000 	C:\Xilinx\Vivado\2019.1\bin\unwrapped\win64.o\vivado.exe
0x00007fffb2eb0000 - 0x00007fffb30a8000 	C:\WINDOWS\SYSTEM32\ntdll.dll
0x00007fffb0f10000 - 0x00007fffb0fcd000 	C:\WINDOWS\System32\KERNEL32.DLL
0x00007fffb0a20000 - 0x00007fffb0cf2000 	C:\WINDOWS\System32\KERNELBASE.dll
0x00007fffade80000 - 0x00007fffadf11000 	C:\WINDOWS\SYSTEM32\apphelp.dll
0x00007fffb07a0000 - 0x00007fffb08a0000 	C:\WINDOWS\System32\ucrtbase.dll
0x00007fff9d260000 - 0x00007fff9d2f1000 	C:\WINDOWS\SYSTEM32\MSVCP140.dll
0x00007fff9d240000 - 0x00007fff9d259000 	C:\WINDOWS\SYSTEM32\VCRUNTIME140.dll
0x00007fff9d230000 - 0x00007fff9d23c000 	C:\WINDOWS\SYSTEM32\VCRUNTIME140_1.dll
0x00007fff9af70000 - 0x00007fff9af84000 	C:\Xilinx\Vivado\2019.1\lib\win64.o\libboost_signals.dll
0x00007fff9adc0000 - 0x00007fff9add4000 	C:\Xilinx\Vivado\2019.1\lib\win64.o\librdi_commonmain.dll
0x00007fffad7a0000 - 0x00007fffad7aa000 	C:\Xilinx\Vivado\2019.1\lib\win64.o\librdi_commonversion.dll
0x00007fff99a10000 - 0x00007fff99a36000 	C:\Xilinx\Vivado\2019.1\lib\win64.o\libboost_filesystem.dll
0x00007fffb10b0000 - 0x00007fffb115e000 	C:\WINDOWS\System32\ADVAPI32.dll
0x00007fffb2c40000 - 0x00007fffb2cde000 	C:\WINDOWS\System32\msvcrt.dll
0x00007fffb2910000 - 0x00007fffb29ac000 	C:\WINDOWS\System32\sechost.dll
0x00007fffb2a60000 - 0x00007fffb2b85000 	C:\WINDOWS\System32\RPCRT4.dll
0x00007fff64550000 - 0x00007fff64671000 	C:\Xilinx\Vivado\2019.1\lib\win64.o\librdi_commonxillic.dll
0x00007fffb24e0000 - 0x00007fffb267d000 	C:\WINDOWS\System32\USER32.dll
0x00007fffb05f0000 - 0x00007fffb0612000 	C:\WINDOWS\System32\win32u.dll
0x00007fffb24b0000 - 0x00007fffb24db000 	C:\WINDOWS\System32\GDI32.dll
0x00007fffb0910000 - 0x00007fffb0a1f000 	C:\WINDOWS\System32\gdi32full.dll
0x00007fffb06b0000 - 0x00007fffb074d000 	C:\WINDOWS\System32\msvcp_win.dll
0x00000000640f0000 - 0x000000006421b000 	C:\Xilinx\Vivado\2019.1\lib\win64.o\tcl85t.dll
0x00007fffb2440000 - 0x00007fffb24ab000 	C:\WINDOWS\System32\WS2_32.dll
0x00007fff9b240000 - 0x00007fff9b24b000 	C:\Xilinx\Vivado\2019.1\lib\win64.o\libboost_system.dll
0x00007fff53cd0000 - 0x00007fff53fa8000 	C:\Xilinx\Vivado\2019.1\lib\win64.o\libXil_lmgr11.dll
0x00007fffb2830000 - 0x00007fffb290a000 	C:\WINDOWS\System32\COMDLG32.dll
0x00007fffb12b0000 - 0x00007fffb1604000 	C:\WINDOWS\System32\combase.dll
0x00007fffb1160000 - 0x00007fffb120d000 	C:\WINDOWS\System32\shcore.dll
0x00007fffb17c0000 - 0x00007fffb1815000 	C:\WINDOWS\System32\SHLWAPI.dll
0x00007fffb1820000 - 0x00007fffb1f63000 	C:\WINDOWS\System32\SHELL32.dll
0x00007fffb0fd0000 - 0x00007fffb109d000 	C:\WINDOWS\System32\OLEAUT32.dll
0x00007fffb2ce0000 - 0x00007fffb2e0a000 	C:\WINDOWS\System32\ole32.dll
0x00007fffb08a0000 - 0x00007fffb0909000 	C:\WINDOWS\System32\WINTRUST.dll
0x00007fffb0d00000 - 0x00007fffb0e56000 	C:\WINDOWS\System32\CRYPT32.dll
0x00007fff2ae70000 - 0x00007fff2bd52000 	C:\Xilinx\Vivado\2019.1\lib\win64.o\librdi_common.dll
0x00007fffa3310000 - 0x00007fffa3329000 	C:\WINDOWS\SYSTEM32\NETAPI32.dll
0x00007fff625a0000 - 0x00007fff626b4000 	C:\Xilinx\Vivado\2019.1\lib\win64.o\libboost_regex.dll
0x00007fffaaac0000 - 0x00007fffaaadd000 	C:\WINDOWS\SYSTEM32\dhcpcsvc.DLL
0x00007fffa4fc0000 - 0x00007fffa4fc9000 	C:\WINDOWS\SYSTEM32\WSOCK32.dll
0x00007fffa76b0000 - 0x00007fffa7760000 	C:\WINDOWS\WinSxS\amd64_microsoft.windows.common-controls_6595b64144ccf1df_5.82.19041.1110_none_792d1c772443f647\COMCTL32.dll
0x00007fff95090000 - 0x00007fff950a4000 	C:\Xilinx\Vivado\2019.1\lib\win64.o\libboost_date_time.dll
0x00007fff93270000 - 0x00007fff93291000 	C:\Xilinx\Vivado\2019.1\lib\win64.o\libboost_thread.dll
0x00007fff9af20000 - 0x00007fff9af2f000 	C:\Xilinx\Vivado\2019.1\lib\win64.o\libboost_xilinx.dll
0x00007fff71e20000 - 0x00007fff71e9f000 	C:\Xilinx\Vivado\2019.1\lib\win64.o\libboost_program_options.dll
0x00007fff6b0a0000 - 0x00007fff6b122000 	C:\Xilinx\Vivado\2019.1\lib\win64.o\libhdlpsolve.dll
0x00007fff63b50000 - 0x00007fff63bf5000 	C:\Xilinx\Vivado\2019.1\lib\win64.o\libhdxml.dll
0x00007fff93200000 - 0x00007fff9322e000 	C:\Xilinx\Vivado\2019.1\lib\win64.o\libisl_sysinfo.dll
0x00007fff941b0000 - 0x00007fff941ca000 	C:\Xilinx\Vivado\2019.1\lib\win64.o\pthreadVC2.dll
0x00007fff7f4d0000 - 0x00007fff7f535000 	C:\Xilinx\Vivado\2019.1\lib\win64.o\liblmx6.0.dll
0x00007fff92820000 - 0x00007fff9283c000 	C:\Xilinx\Vivado\2019.1\lib\win64.o\librdiconfig.dll
0x00007fff8c130000 - 0x00007fff8c151000 	C:\Xilinx\Vivado\2019.1\lib\win64.o\librdizlib.dll
0x00007fffa34c0000 - 0x00007fffa3999000 	C:\WINDOWS\SYSTEM32\WININET.dll
0x00007fffaa730000 - 0x00007fffaa83d000 	C:\WINDOWS\SYSTEM32\WINHTTP.dll
0x00007fffa44f0000 - 0x00007fffa46dd000 	C:\WINDOWS\SYSTEM32\urlmon.dll
0x00007fff47710000 - 0x00007fff47a7e000 	C:\Xilinx\Vivado\2019.1\lib\win64.o\libCOIN-all.dll
0x0000000012000000 - 0x0000000012270000 	C:\Xilinx\Vivado\2019.1\lib\win64.o\xerces-c_3_1.dll
0x00007fff9a710000 - 0x00007fff9a71d000 	C:\Xilinx\Vivado\2019.1\lib\win64.o\libboost_chrono.dll
0x00007fffa39a0000 - 0x00007fffa3c51000 	C:\WINDOWS\SYSTEM32\iertutil.dll
0x00007fffaac00000 - 0x00007fffaac28000 	C:\WINDOWS\SYSTEM32\srvcli.dll
0x00007fffafab0000 - 0x00007fffafabc000 	C:\WINDOWS\SYSTEM32\netutils.dll
0x00007fff8bc70000 - 0x00007fff8bc9d000 	C:\WINDOWS\SYSTEM32\VCOMP140.DLL
0x00007fff29e70000 - 0x00007fff2aa1f400 	C:\Xilinx\Vivado\2019.1\lib\win64.o\libisl_iostreams.dll
0x00007fff91320000 - 0x00007fff9133b000 	C:\Xilinx\Vivado\2019.1\lib\win64.o\libboost_iostreams.dll
0x00007fff8bc40000 - 0x00007fff8bc65000 	C:\Xilinx\Vivado\2019.1\lib\win64.o\libisl_iosutils.dll
0x00007fff27700000 - 0x00007fff28591000 	C:\Xilinx\Vivado\2019.1\lib\win64.o\gurobi65.dll
0x00007fffb2a10000 - 0x00007fffb2a40000 	C:\WINDOWS\System32\IMM32.DLL
0x00007fffb00d0000 - 0x00007fffb00e2000 	C:\WINDOWS\SYSTEM32\MSASN1.dll
0x00007fffaa270000 - 0x00007fffaa472000 	C:\WINDOWS\system32\tmumh\20019\AddOn\8.53.0.1118\TmUmEvt64.dll
0x00007fffb10a0000 - 0x00007fffb10a8000 	C:\WINDOWS\System32\PSAPI.DLL
0x0000000067320000 - 0x000000006748f000 	C:\WINDOWS\system32\tmumh\20019\TmMon\2.8.0.1051\tmmon64.dll
0x00007fffaac30000 - 0x00007fffaac49000 	C:\WINDOWS\SYSTEM32\SAMCLI.DLL
0x00007fffae460000 - 0x00007fffae472000 	C:\WINDOWS\SYSTEM32\kernel.appcore.dll
0x00007fff2c7d0000 - 0x00007fff2cce7000 	C:\Xilinx\Vivado\2019.1\lib\win64.o\librdi_commontasks.dll
0x000000005fa00000 - 0x0000000060425000 	C:\Xilinx\Vivado\2019.1\tps\win64\jre9.0.4\bin\server\jvm.dll
0x00007fff53a40000 - 0x00007fff53cc6000 	C:\Xilinx\Vivado\2019.1\lib\win64.o\librdi_sio.dll
0x00007fffa90b0000 - 0x00007fffa90ba000 	C:\WINDOWS\SYSTEM32\VERSION.dll
0x00007fffa46f0000 - 0x00007fffa4717000 	C:\WINDOWS\SYSTEM32\WINMM.dll
0x00007fff5fcb0000 - 0x00007fff5fd9f000 	C:\Xilinx\Vivado\2019.1\tps\win64\jre9.0.4\bin\MSVCR120.dll
0x00007fffaf950000 - 0x00007fffaf98b000 	C:\WINDOWS\SYSTEM32\IPHLPAPI.DLL
0x00007fffafc40000 - 0x00007fffafcaa000 	C:\WINDOWS\SYSTEM32\MSWSOCK.DLL
0x00007fffae660000 - 0x00007fffaedf1000 	C:\WINDOWS\SYSTEM32\windows.storage.dll
0x00007fffafe60000 - 0x00007fffafe90000 	C:\WINDOWS\SYSTEM32\Wldp.dll
0x00007fff24c50000 - 0x00007fff2710c000 	C:\Xilinx\Vivado\2019.1\lib\win64.o\librdi_tcltasks.dll
0x00007fff29a60000 - 0x00007fff29e68000 	C:\Xilinx\Vivado\2019.1\lib\win64.o\librdi_bitstream.dll
0x00007fff551f0000 - 0x00007fff55381000 	C:\Xilinx\Vivado\2019.1\lib\win64.o\librdi_board.dll
0x00007fff631d0000 - 0x00007fff63248000 	C:\Xilinx\Vivado\2019.1\lib\win64.o\librdi_boarddep.dll
0x00007fff56ff0000 - 0x00007fff570db000 	C:\Xilinx\Vivado\2019.1\lib\win64.o\librdi_chipscope.dll
0x00007fff53290000 - 0x00007fff5344d000 	C:\Xilinx\Vivado\2019.1\lib\win64.o\librdi_chipscopeimpl.dll
0x00007fff23260000 - 0x00007fff24c4a000 	C:\Xilinx\Vivado\2019.1\lib\win64.o\librdi_constraints.dll
0x00007fff52ea0000 - 0x00007fff52ff6000 	C:\Xilinx\Vivado\2019.1\lib\win64.o\librdi_containers.dll
0x00007fff213a0000 - 0x00007fff23251000 	C:\Xilinx\Vivado\2019.1\lib\win64.o\librdi_coregen.dll
0x00007fff29380000 - 0x00007fff29a5a000 	C:\Xilinx\Vivado\2019.1\lib\win64.o\librdi_coregenipxact.dll
0x00007fff0ea50000 - 0x00007fff12a93000 	C:\Xilinx\Vivado\2019.1\lib\win64.o\librdi_designutils.dll
0x00007ffefc620000 - 0x00007fff0ea4c000 	C:\Xilinx\Vivado\2019.1\lib\win64.o\librdi_device.dll
0x00007fff44530000 - 0x00007fff4484e000 	C:\Xilinx\Vivado\2019.1\lib\win64.o\librdi_dlyest.dll
0x00007fff20e00000 - 0x00007fff2139a000 	C:\Xilinx\Vivado\2019.1\lib\win64.o\librdi_drc.dll
0x00007fff56b80000 - 0x00007fff56c44000 	C:\Xilinx\Vivado\2019.1\lib\win64.o\librdi_dsp.dll
0x00007ffefbfd0000 - 0x00007ffefc61d000 	C:\Xilinx\Vivado\2019.1\lib\win64.o\librdi_filemgmt.dll
0x00007fff27410000 - 0x00007fff276f3000 	C:\Xilinx\Vivado\2019.1\lib\win64.o\librdi_guitools.dll
0x00007fff776b0000 - 0x00007fff77715000 	C:\Xilinx\Vivado\2019.1\lib\win64.o\librdi_hdf.dll
0x00007ffefaa10000 - 0x00007ffefbfd0000 	C:\Xilinx\Vivado\2019.1\lib\win64.o\librdi_implflow.dll
0x00007ffefa3f0000 - 0x00007ffefaa05000 	C:\Xilinx\Vivado\2019.1\lib\win64.o\librdi_memdata.dll
0x00007fff55170000 - 0x00007fff551e3000 	C:\Xilinx\Vivado\2019.1\lib\win64.o\librdi_memoryarray.dll
0x00007ffef7700000 - 0x00007ffefa3e6000 	C:\Xilinx\Vivado\2019.1\lib\win64.o\librdi_mig.dll
0x00007ffef7050000 - 0x00007ffef76f2000 	C:\Xilinx\Vivado\2019.1\lib\win64.o\librdi_netlist.dll
0x00007fff886a0000 - 0x00007fff886eb000 	C:\Xilinx\Vivado\2019.1\lib\win64.o\librdi_pfi.dll
0x00007ffef49d0000 - 0x00007ffef7046000 	C:\Xilinx\Vivado\2019.1\lib\win64.o\librdi_place.dll
0x00007fff20af0000 - 0x00007fff20dff000 	C:\Xilinx\Vivado\2019.1\lib\win64.o\librdi_platform.dll
0x00007ffef4280000 - 0x00007ffef49ca000 	C:\Xilinx\Vivado\2019.1\lib\win64.o\librdi_power.dll
0x00007ffef3d00000 - 0x00007ffef427f000 	C:\Xilinx\Vivado\2019.1\lib\win64.o\librdi_project.dll
0x00007ffef35f0000 - 0x00007ffef3cf9000 	C:\Xilinx\Vivado\2019.1\lib\win64.o\librdi_psta.dll
0x00007ffef2ee0000 - 0x00007ffef35e6000 	C:\Xilinx\Vivado\2019.1\lib\win64.o\librdi_rsb.dll
0x00007ffef2ae0000 - 0x00007ffef2ed1000 	C:\Xilinx\Vivado\2019.1\lib\win64.o\librdi_runs.dll
0x00007fff52050000 - 0x00007fff5214a000 	C:\Xilinx\Vivado\2019.1\lib\win64.o\librdi_runsbase.dll
0x00007fff2c570000 - 0x00007fff2c7c6000 	C:\Xilinx\Vivado\2019.1\lib\win64.o\librdi_simdata.dll
0x00007ffef1cc0000 - 0x00007ffef2ad1000 	C:\Xilinx\Vivado\2019.1\lib\win64.o\librdi_timing.dll
0x00007fff43d20000 - 0x00007fff43e92000 	C:\Xilinx\Vivado\2019.1\lib\win64.o\librdi_advchipscopeimpl.dll
0x00007fff7f880000 - 0x00007fff7f8cc000 	C:\Xilinx\Vivado\2019.1\lib\win64.o\libboost_serialization.dll
0x00007fff3cfd0000 - 0x00007fff3d16f000 	C:\Xilinx\Vivado\2019.1\lib\win64.o\librdi_hip_devdesign.dll
0x00007fff54de0000 - 0x00007fff54ea2000 	C:\Xilinx\Vivado\2019.1\lib\win64.o\librdi_ipconfig_readwrite.dll
0x00007fff7dd60000 - 0x00007fff7dda3000 	C:\Xilinx\Vivado\2019.1\lib\win64.o\librdi_noc_frameworks.dll
0x00007ffef1170000 - 0x00007ffef1cb7000 	C:\Xilinx\Vivado\2019.1\lib\win64.o\libverific.dll
0x00007ffef0d80000 - 0x00007ffef1165000 	C:\Xilinx\Vivado\2019.1\lib\win64.o\librdi_hip_config.dll
0x00007ffef0830000 - 0x00007ffef0d7e000 	C:\Xilinx\Vivado\2019.1\lib\win64.o\librdi_xdm.dll
0x00007fff52e00000 - 0x00007fff52e9e000 	C:\Xilinx\Vivado\2019.1\lib\win64.o\libise.dll
0x00007ffef0230000 - 0x00007ffef082c000 	C:\Xilinx\Vivado\2019.1\lib\win64.o\librdi_wavedata.dll

VM Arguments:
jvm_args: -Dsun.java2d.pmoffscreen=false -Dsun.java2d.xrender=false -Dsun.java2d.d3d=false -Dsun.awt.nopixfmt=true -Dsun.java2d.dpiaware=true -Dsun.java2d.uiScale.enabled=false -Xverify:none -Dswing.aatext=true -XX:-UsePerfData -Djdk.map.althashing.threshold=512 -XX:StringTableSize=4072 --add-opens=java.base/java.nio=ALL-UNNAMED --add-opens=java.desktop/sun.swing=ALL-UNNAMED --add-opens=java.desktop/javax.swing=ALL-UNNAMED --add-opens=java.desktop/javax.swing.tree=ALL-UNNAMED --add-opens=java.desktop/javax.swing.plaf.basic=ALL-UNNAMED --add-opens=java.desktop/javax.swing.plaf.synth=ALL-UNNAMED --add-opens=java.desktop/com.sun.awt=ALL-UNNAMED -XX:NewSize=60m -XX:MaxNewSize=60m -Xms128m -Xmx3072m -Xss5m 
java_command: <unknown>
java_class_path (initial): C:/Xilinx/Vivado/2019.1\lib\classes\alloy.jar;C:/Xilinx/Vivado/2019.1\lib\classes\autopilot.scelaborator.jar;C:/Xilinx/Vivado/2019.1\lib\classes\autopilot.sourceprocessor.jar;C:/Xilinx/Vivado/2019.1\lib\classes\autopilot.tbprocessor.jar;C:/Xilinx/Vivado/2019.1\lib\classes\batik-anim.jar;C:/Xilinx/Vivado/2019.1\lib\classes\batik-awt-util.jar;C:/Xilinx/Vivado/2019.1\lib\classes\batik-bridge.jar;C:/Xilinx/Vivado/2019.1\lib\classes\batik-codec.jar;C:/Xilinx/Vivado/2019.1\lib\classes\batik-css.jar;C:/Xilinx/Vivado/2019.1\lib\classes\batik-dom.jar;C:/Xilinx/Vivado/2019.1\lib\classes\batik-ext.jar;C:/Xilinx/Vivado/2019.1\lib\classes\batik-gui-util.jar;C:/Xilinx/Vivado/2019.1\lib\classes\batik-gvt.jar;C:/Xilinx/Vivado/2019.1\lib\classes\batik-parser.jar;C:/Xilinx/Vivado/2019.1\lib\classes\batik-script.jar;C:/Xilinx/Vivado/2019.1\lib\classes\batik-svg-dom.jar;C:/Xilinx/Vivado/2019.1\lib\classes\batik-swing.jar;C:/Xilinx/Vivado/2019.1\lib\classes\batik-transcoder.jar;C:/Xilinx/Vivado/2019.1\lib\classes\batik-util.jar;C:/Xilinx/Vivado/2019.1\lib\classes\batik-xml.jar;C:/Xilinx/Vivado/2019.1\lib\classes\com.google.gson_2.7.0.v20170129-0911.jar;C:/Xilinx/Vivado/2019.1\lib\classes\com.google.guava_21.0.0.v20170206-1425.jar;C:/Xilinx/Vivado/2019.1\lib\classes\com.google.inject_3.0.0.v201605172100.jar;C:/Xilinx/Vivado/2019.1\lib\classes\com.ibm.icu_4.4.2.v20110208.jar;C:/Xilinx/Vivado/2019.1\lib\classes\com.sigasi.hdt.annotations.runtime_4.3.0.201903071210.jar;C:/Xilinx/Vivado/2019.1\lib\classes\com.sigasi.hdt.blockdiagram.model_4.3.0.201903071210.jar;C:/Xilinx/Vivado/2019.1\lib\classes\com.sigasi.hdt.connection_4.3.0.201903071210.jar;C:/Xilinx/Vivado/2019.1\lib\classes\com.sigasi.hdt.dependencies.model_4.3.0.201903071210.jar;C:/Xilinx/Vivado/2019.1\lib\classes\com.sigasi.hdt.epl_4.3.0.201903071210.jar;C:/Xilinx/Vivado/2019.1\lib\classes\com.sigasi.hdt.graphics.model_4.3.0.201903071210.jar;C:/Xilinx/Vivado/2019.1\lib\classes\com.sigasi.hdt.project_4.3.0
Launcher Type: generic

Logging:
Log output configuration:
#0: stdout all=warning uptime,level,tags
#1: stderr all=off uptime,level,tags

Environment Variables:
PATH=C:/Xilinx/Vivado/2019.1/bin;C:/Xilinx/Vivado/2019.1/lib/win64.o;C:/Xilinx/Vivado/2019.1/tps/win64/jre9.0.4/bin/server;C:/Xilinx/Vivado/2019.1/tps/win64/jre9.0.4/bin;C:/Xilinx/SDK/2019.1/bin;C:/Xilinx/Vivado/2019.1/ids_lite/ISE/bin/nt64;C:/Xilinx/Vivado/2019.1/ids_lite/ISE/lib/nt64;C:\WINDOWS\system32;C:\WINDOWS;C:\WINDOWS\System32\Wbem;C:\WINDOWS\System32\WindowsPowerShell\v1.0\;C:\WINDOWS\System32\OpenSSH\;C:\Program Files (x86)\ZeroTier\One\;C:\Program Files\PuTTY\;C:\Users\xiaobei\AppData\Local\Microsoft\WindowsApps;;C:\Users\xiaobei\AppData\Local\Programs\Microsoft VS Code\bin;E:\texlive\2022\bin\win32;C:/Xilinx/Vivado/2019.1\tps\mingw\6.2.0\win64.o\nt\bin;C:/Xilinx/Vivado/2019.1\tps\mingw\6.2.0\win64.o\nt\libexec\gcc\x86_64-w64-mingw32\6.2.0;C:/Xilinx/Vivado/2019.1\tps\win64\python-2.7.5;C:/Xilinx/Vivado/2019.1\tps\win64\python-2.7.5\lib;C:/Xilinx/Vivado/2019.1\tps\win64\python-2.7.5\Lib\lib-tk;C:/Xilinx/Vivado/2019.1\tps\win64\python-2.7.5\lib\site-packages
USERNAME=xiaobei
OS=Windows_NT
PROCESSOR_IDENTIFIER=Intel64 Family 6 Model 63 Stepping 2, GenuineIntel



---------------  S Y S T E M  ---------------

OS: Windows 10 , 64 bit Build 19041 (10.0.19041.1889)

CPU:total 12 (initial active 12) (6 cores per cpu, 2 threads per core) family 6 model 63 stepping 2, cmov, cx8, fxsr, mmx, sse, sse2, sse3, ssse3, sse4.1, sse4.2, popcnt, avx, avx2, aes, clmul, erms, lzcnt, ht, tsc, tscinvbit, bmi1, bmi2, fma

Memory: 4k page, physical 16682132k(5969644k free), swap 45813800k(28575032k free)

vm_info: Java HotSpot(TM) 64-Bit Server VM (9.0.4+11) for windows-amd64 JRE (9.0.4+11), built on Dec 20 2017 02:18:54 by "mach5one" with MS VC++ 12.0 (VS2013)

END.
