#-----------------------------------------------------------
# Vivado v2019.1 (64-bit)
# SW Build 2552052 on Fri May 24 14:49:42 MDT 2019
# IP Build 2548770 on Fri May 24 18:01:18 MDT 2019
# Start of session at: Fri Dec 10 20:03:04 2021
# Process ID: 15340
# Current directory: C:/Users/Asus/Desktop/NVDLA_SMALL
# Command line: vivado.exe -gui_launcher_event rodinguilauncherevent9752 C:\Users\Asus\Desktop\NVDLA_SMALL\NVDLA_3.xpr
# Log file: C:/Users/Asus/Desktop/NVDLA_SMALL/vivado.log
# Journal file: C:/Users/Asus/Desktop/NVDLA_SMALL\vivado.jou
#-----------------------------------------------------------
start_gui
open_project C:/Users/Asus/Desktop/NVDLA_SMALL/NVDLA_3.xpr
Scanning sources...
Finished scanning sources
INFO: [IP_Flow 19-234] Refreshing IP repositories
INFO: [IP_Flow 19-1700] Loaded user IP repository 'c:/Users/Asus/Desktop/IP'.
INFO: [IP_Flow 19-2313] Loaded Vivado IP repository 'D:/software/vivado_2019_1/Vivado/2019.1/data/ip'.
open_project: Time (s): cpu = 00:00:21 ; elapsed = 00:00:25 . Memory (MB): peak = 811.848 ; gain = 217.598
update_compile_order -fileset sources_1
exit
INFO: [Common 17-206] Exiting Vivado at Fri Dec 10 20:37:56 2021...
